{"/Users/joeri/Documents/cli-web-cloner/src/container.ts": {"path":"/Users/joeri/Documents/cli-web-cloner/src/container.ts","statementMap":{"0":{"start":{"line":1,"column":0},"end":{"line":1,"column":26}},"1":{"start":{"line":2,"column":0},"end":{"line":2,"column":35}},"2":{"start":{"line":27,"column":0},"end":{"line":27,"column":null}},"3":{"start":{"line":48,"column":0},"end":{"line":48,"column":64}},"4":{"start":{"line":49,"column":0},"end":{"line":49,"column":58}},"5":{"start":{"line":50,"column":0},"end":{"line":50,"column":62}},"6":{"start":{"line":52,"column":0},"end":{"line":54,"column":3}},"7":{"start":{"line":56,"column":0},"end":{"line":58,"column":3}},"8":{"start":{"line":60,"column":0},"end":{"line":62,"column":3}},"9":{"start":{"line":64,"column":0},"end":{"line":66,"column":3}},"10":{"start":{"line":69,"column":0},"end":{"line":71,"column":3}},"11":{"start":{"line":74,"column":0},"end":{"line":76,"column":3}},"12":{"start":{"line":78,"column":0},"end":{"line":80,"column":3}},"13":{"start":{"line":82,"column":0},"end":{"line":84,"column":3}},"14":{"start":{"line":86,"column":0},"end":{"line":88,"column":3}},"15":{"start":{"line":90,"column":0},"end":{"line":92,"column":3}},"16":{"start":{"line":94,"column":0},"end":{"line":96,"column":3}},"17":{"start":{"line":98,"column":0},"end":{"line":100,"column":3}},"18":{"start":{"line":102,"column":0},"end":{"line":104,"column":3}},"19":{"start":{"line":106,"column":0},"end":{"line":108,"column":3}},"20":{"start":{"line":110,"column":0},"end":{"line":112,"column":3}},"21":{"start":{"line":116,"column":0},"end":{"line":118,"column":3}},"22":{"start":{"line":121,"column":0},"end":{"line":123,"column":3}},"23":{"start":{"line":126,"column":0},"end":{"line":128,"column":3}},"24":{"start":{"line":130,"column":0},"end":{"line":132,"column":3}},"25":{"start":{"line":134,"column":0},"end":{"line":136,"column":3}},"26":{"start":{"line":138,"column":0},"end":{"line":140,"column":3}},"27":{"start":{"line":142,"column":0},"end":{"line":144,"column":3}}},"fnMap":{},"branchMap":{},"s":{"0":1,"1":1,"2":1,"3":1,"4":1,"5":1,"6":1,"7":1,"8":1,"9":1,"10":1,"11":1,"12":1,"13":1,"14":1,"15":1,"16":1,"17":1,"18":1,"19":1,"20":1,"21":1,"22":1,"23":1,"24":1,"25":1,"26":1,"27":1},"f":{},"b":{}}
,"/Users/joeri/Documents/cli-web-cloner/src/services/AxiosApiService.ts": {"path":"/Users/joeri/Documents/cli-web-cloner/src/services/AxiosApiService.ts","statementMap":{"0":{"start":{"line":1,"column":0},"end":{"line":1,"column":48}},"1":{"start":{"line":4,"column":0},"end":{"line":4,"column":44}},"2":{"start":{"line":6,"column":0},"end":{"line":65,"column":null}},"3":{"start":{"line":8,"column":50},"end":{"line":8,"column":79}},"4":{"start":{"line":12,"column":28},"end":{"line":12,"column":97}},"5":{"start":{"line":13,"column":8},"end":{"line":18,"column":10}},"6":{"start":{"line":22,"column":8},"end":{"line":35,"column":9}},"7":{"start":{"line":23,"column":32},"end":{"line":25,"column":null}},"8":{"start":{"line":27,"column":12},"end":{"line":30,"column":14}},"9":{"start":{"line":32,"column":12},"end":{"line":34,"column":14}},"10":{"start":{"line":39,"column":8},"end":{"line":43,"column":10}},"11":{"start":{"line":47,"column":8},"end":{"line":51,"column":10}},"12":{"start":{"line":55,"column":8},"end":{"line":59,"column":10}},"13":{"start":{"line":63,"column":8},"end":{"line":63,"column":67}},"14":{"start":{"line":67,"column":8},"end":{"line":67,"column":23}},"15":{"start":{"line":7,"column":6},"end":{"line":65,"column":null}}},"fnMap":{"0":{"name":"(anonymous_5)","decl":{"start":{"line":8,"column":4},"end":{"line":8,"column":17}},"loc":{"start":{"line":8,"column":79},"end":{"line":9,"column":5}}},"1":{"name":"(anonymous_6)","decl":{"start":{"line":11,"column":12},"end":{"line":11,"column":17}},"loc":{"start":{"line":11,"column":43},"end":{"line":19,"column":5}}},"2":{"name":"(anonymous_7)","decl":{"start":{"line":21,"column":4},"end":{"line":21,"column":9}},"loc":{"start":{"line":21,"column":43},"end":{"line":36,"column":5}}},"3":{"name":"(anonymous_8)","decl":{"start":{"line":38,"column":4},"end":{"line":38,"column":9}},"loc":{"start":{"line":38,"column":56},"end":{"line":44,"column":5}}},"4":{"name":"(anonymous_9)","decl":{"start":{"line":46,"column":4},"end":{"line":46,"column":9}},"loc":{"start":{"line":46,"column":54},"end":{"line":52,"column":5}}},"5":{"name":"(anonymous_10)","decl":{"start":{"line":54,"column":4},"end":{"line":54,"column":9}},"loc":{"start":{"line":54,"column":56},"end":{"line":60,"column":5}}},"6":{"name":"(anonymous_11)","decl":{"start":{"line":62,"column":4},"end":{"line":62,"column":9}},"loc":{"start":{"line":62,"column":46},"end":{"line":64,"column":5}}}},"branchMap":{"0":{"loc":{"start":{"line":14,"column":21},"end":{"line":14,"column":48}},"type":"binary-expr","locations":[{"start":{"line":14,"column":21},"end":{"line":14,"column":26}},{"start":{"line":14,"column":30},"end":{"line":14,"column":48}}]},"1":{"loc":{"start":{"line":15,"column":21},"end":{"line":17,"column":18}},"type":"cond-expr","locations":[{"start":{"line":15,"column":35},"end":{"line":17,"column":14}},{"start":{"line":17,"column":16},"end":{"line":17,"column":18}}]}},"s":{"0":1,"1":1,"2":1,"3":2,"4":0,"5":0,"6":0,"7":0,"8":0,"9":0,"10":0,"11":0,"12":0,"13":0,"14":1,"15":1},"f":{"0":2,"1":0,"2":0,"3":0,"4":0,"5":0,"6":0},"b":{"0":[0,0],"1":[0,0]}}
,"/Users/joeri/Documents/cli-web-cloner/src/services/ConfigExtractorService.ts": {"path":"/Users/joeri/Documents/cli-web-cloner/src/services/ConfigExtractorService.ts","statementMap":{"0":{"start":{"line":1,"column":0},"end":{"line":1,"column":36}},"1":{"start":{"line":3,"column":0},"end":{"line":3,"column":20}},"2":{"start":{"line":4,"column":0},"end":{"line":4,"column":38}},"3":{"start":{"line":5,"column":0},"end":{"line":5,"column":24}},"4":{"start":{"line":8,"column":7},"end":{"line":53,"column":null}},"5":{"start":{"line":10,"column":8},"end":{"line":10,"column":81}},"6":{"start":{"line":14,"column":30},"end":{"line":14,"column":50}},"7":{"start":{"line":15,"column":22},"end":{"line":15,"column":47}},"8":{"start":{"line":16,"column":47},"end":{"line":16,"column":49}},"9":{"start":{"line":17,"column":42},"end":{"line":17,"column":46}},"10":{"start":{"line":18,"column":28},"end":{"line":18,"column":33}},"11":{"start":{"line":20,"column":8},"end":{"line":34,"column":9}},"12":{"start":{"line":21,"column":32},"end":{"line":21,"column":43}},"13":{"start":{"line":23,"column":12},"end":{"line":33,"column":13}},"14":{"start":{"line":24,"column":16},"end":{"line":24,"column":56}},"15":{"start":{"line":25,"column":16},"end":{"line":25,"column":55}},"16":{"start":{"line":26,"column":19},"end":{"line":33,"column":13}},"17":{"start":{"line":27,"column":37},"end":{"line":27,"column":78}},"18":{"start":{"line":27,"column":69},"end":{"line":27,"column":77}},"19":{"start":{"line":28,"column":16},"end":{"line":30,"column":17}},"20":{"start":{"line":29,"column":20},"end":{"line":29,"column":40}},"21":{"start":{"line":31,"column":19},"end":{"line":33,"column":13}},"22":{"start":{"line":32,"column":16},"end":{"line":32,"column":22}},"23":{"start":{"line":36,"column":8},"end":{"line":38,"column":9}},"24":{"start":{"line":37,"column":12},"end":{"line":37,"column":84}},"25":{"start":{"line":40,"column":8},"end":{"line":40,"column":22}},"26":{"start":{"line":44,"column":28},"end":{"line":44,"column":58}},"27":{"start":{"line":45,"column":22},"end":{"line":45,"column":38}},"28":{"start":{"line":47,"column":8},"end":{"line":49,"column":9}},"29":{"start":{"line":48,"column":12},"end":{"line":48,"column":70}},"30":{"start":{"line":51,"column":8},"end":{"line":51,"column":21}},"31":{"start":{"line":8,"column":13},"end":{"line":8,"column":35}},"32":{"start":{"line":8,"column":13},"end":{"line":53,"column":null}}},"fnMap":{"0":{"name":"(anonymous_2)","decl":{"start":{"line":9,"column":4},"end":{"line":9,"column":9}},"loc":{"start":{"line":9,"column":17},"end":{"line":11,"column":5}}},"1":{"name":"(anonymous_3)","decl":{"start":{"line":13,"column":4},"end":{"line":13,"column":9}},"loc":{"start":{"line":13,"column":36},"end":{"line":41,"column":5}}},"2":{"name":"(anonymous_4)","decl":{"start":{"line":27,"column":64},"end":{"line":27,"column":65}},"loc":{"start":{"line":27,"column":69},"end":{"line":27,"column":77}}},"3":{"name":"(anonymous_5)","decl":{"start":{"line":43,"column":4},"end":{"line":43,"column":9}},"loc":{"start":{"line":43,"column":56},"end":{"line":52,"column":5}}}},"branchMap":{"0":{"loc":{"start":{"line":23,"column":12},"end":{"line":33,"column":13}},"type":"if","locations":[{"start":{"line":23,"column":12},"end":{"line":33,"column":13}},{"start":{"line":26,"column":19},"end":{"line":33,"column":13}}]},"1":{"loc":{"start":{"line":23,"column":16},"end":{"line":23,"column":72}},"type":"binary-expr","locations":[{"start":{"line":23,"column":16},"end":{"line":23,"column":43}},{"start":{"line":23,"column":47},"end":{"line":23,"column":72}}]},"2":{"loc":{"start":{"line":26,"column":19},"end":{"line":33,"column":13}},"type":"if","locations":[{"start":{"line":26,"column":19},"end":{"line":33,"column":13}},{"start":{"line":31,"column":19},"end":{"line":33,"column":13}}]},"3":{"loc":{"start":{"line":26,"column":23},"end":{"line":26,"column":65}},"type":"binary-expr","locations":[{"start":{"line":26,"column":23},"end":{"line":26,"column":36}},{"start":{"line":26,"column":40},"end":{"line":26,"column":65}}]},"4":{"loc":{"start":{"line":28,"column":16},"end":{"line":30,"column":17}},"type":"if","locations":[{"start":{"line":28,"column":16},"end":{"line":30,"column":17}}]},"5":{"loc":{"start":{"line":28,"column":20},"end":{"line":28,"column":32}},"type":"binary-expr","locations":[{"start":{"line":28,"column":20},"end":{"line":28,"column":23}},{"start":{"line":28,"column":27},"end":{"line":28,"column":32}}]},"6":{"loc":{"start":{"line":31,"column":19},"end":{"line":33,"column":13}},"type":"if","locations":[{"start":{"line":31,"column":19},"end":{"line":33,"column":13}}]},"7":{"loc":{"start":{"line":31,"column":23},"end":{"line":31,"column":58}},"type":"binary-expr","locations":[{"start":{"line":31,"column":23},"end":{"line":31,"column":36}},{"start":{"line":31,"column":40},"end":{"line":31,"column":58}}]},"8":{"loc":{"start":{"line":36,"column":8},"end":{"line":38,"column":9}},"type":"if","locations":[{"start":{"line":36,"column":8},"end":{"line":38,"column":9}}]},"9":{"loc":{"start":{"line":47,"column":8},"end":{"line":49,"column":9}},"type":"if","locations":[{"start":{"line":47,"column":8},"end":{"line":49,"column":9}}]}},"s":{"0":1,"1":1,"2":1,"3":1,"4":1,"5":8,"6":8,"7":8,"8":8,"9":8,"10":8,"11":8,"12":8,"13":8,"14":0,"15":0,"16":8,"17":0,"18":0,"19":0,"20":0,"21":8,"22":0,"23":8,"24":8,"25":8,"26":8,"27":8,"28":8,"29":8,"30":8,"31":1,"32":1},"f":{"0":8,"1":8,"2":0,"3":8},"b":{"0":[0,8],"1":[8,0],"2":[0,8],"3":[8,0],"4":[0],"5":[0,0],"6":[0],"7":[8,0],"8":[8],"9":[8]}}
,"/Users/joeri/Documents/cli-web-cloner/src/services/ConfigService.ts": {"path":"/Users/joeri/Documents/cli-web-cloner/src/services/ConfigService.ts","statementMap":{"0":{"start":{"line":1,"column":0},"end":{"line":1,"column":44}},"1":{"start":{"line":11,"column":7},"end":{"line":19,"column":null}},"2":{"start":{"line":13,"column":46},"end":{"line":13,"column":78}},"3":{"start":{"line":14,"column":45},"end":{"line":14,"column":75}},"4":{"start":{"line":15,"column":47},"end":{"line":15,"column":81}},"5":{"start":{"line":16,"column":47},"end":{"line":16,"column":81}},"6":{"start":{"line":11,"column":13},"end":{"line":11,"column":26}},"7":{"start":{"line":11,"column":13},"end":{"line":19,"column":null}}},"fnMap":{"0":{"name":"(anonymous_4)","decl":{"start":{"line":12,"column":4},"end":{"line":12,"column":null}},"loc":{"start":{"line":16,"column":81},"end":{"line":18,"column":5}}}},"branchMap":{},"s":{"0":1,"1":1,"2":13,"3":13,"4":13,"5":13,"6":1,"7":1},"f":{"0":13},"b":{}}
,"/Users/joeri/Documents/cli-web-cloner/src/services/DomainManager.ts": {"path":"/Users/joeri/Documents/cli-web-cloner/src/services/DomainManager.ts","statementMap":{"0":{"start":{"line":1,"column":0},"end":{"line":1,"column":36}},"1":{"start":{"line":2,"column":0},"end":{"line":2,"column":35}},"2":{"start":{"line":6,"column":0},"end":{"line":16,"column":null}},"3":{"start":{"line":8,"column":8},"end":{"line":14,"column":11}},"4":{"start":{"line":9,"column":12},"end":{"line":12,"column":13}},"5":{"start":{"line":10,"column":16},"end":{"line":10,"column":71}},"6":{"start":{"line":11,"column":16},"end":{"line":11,"column":23}},"7":{"start":{"line":13,"column":12},"end":{"line":13,"column":74}},"8":{"start":{"line":18,"column":8},"end":{"line":18,"column":21}},"9":{"start":{"line":6,"column":6},"end":{"line":16,"column":null}}},"fnMap":{"0":{"name":"(anonymous_1)","decl":{"start":{"line":7,"column":4},"end":{"line":7,"column":13}},"loc":{"start":{"line":7,"column":47},"end":{"line":15,"column":5}}},"1":{"name":"(anonymous_2)","decl":{"start":{"line":8,"column":68},"end":{"line":8,"column":69}},"loc":{"start":{"line":8,"column":94},"end":{"line":14,"column":9}}}},"branchMap":{"0":{"loc":{"start":{"line":9,"column":12},"end":{"line":12,"column":13}},"type":"if","locations":[{"start":{"line":9,"column":12},"end":{"line":12,"column":13}}]}},"s":{"0":1,"1":1,"2":1,"3":0,"4":0,"5":0,"6":0,"7":0,"8":1,"9":1},"f":{"0":0,"1":0},"b":{"0":[0]}}
,"/Users/joeri/Documents/cli-web-cloner/src/services/VercelCommandService.ts": {"path":"/Users/joeri/Documents/cli-web-cloner/src/services/VercelCommandService.ts","statementMap":{"0":{"start":{"line":2,"column":0},"end":{"line":2,"column":47}},"1":{"start":{"line":3,"column":0},"end":{"line":3,"column":35}},"2":{"start":{"line":4,"column":0},"end":{"line":4,"column":44}},"3":{"start":{"line":7,"column":7},"end":{"line":41,"column":null}},"4":{"start":{"line":8,"column":50},"end":{"line":8,"column":79}},"5":{"start":{"line":12,"column":22},"end":{"line":12,"column":91}},"6":{"start":{"line":14,"column":8},"end":{"line":15,"column":80}},"7":{"start":{"line":15,"column":12},"end":{"line":15,"column":80}},"8":{"start":{"line":17,"column":8},"end":{"line":39,"column":null}},"9":{"start":{"line":18,"column":33},"end":{"line":18,"column":52}},"10":{"start":{"line":20,"column":12},"end":{"line":20,"column":null}},"11":{"start":{"line":22,"column":38},"end":{"line":22,"column":104}},"12":{"start":{"line":24,"column":12},"end":{"line":24,"column":67}},"13":{"start":{"line":26,"column":12},"end":{"line":38,"column":null}},"14":{"start":{"line":27,"column":16},"end":{"line":31,"column":17}},"15":{"start":{"line":28,"column":20},"end":{"line":28,"column":71}},"16":{"start":{"line":29,"column":20},"end":{"line":29,"column":34}},"17":{"start":{"line":30,"column":20},"end":{"line":30,"column":27}},"18":{"start":{"line":33,"column":16},"end":{"line":35,"column":17}},"19":{"start":{"line":34,"column":20},"end":{"line":34,"column":55}},"20":{"start":{"line":37,"column":16},"end":{"line":37,"column":26}},"21":{"start":{"line":7,"column":13},"end":{"line":7,"column":33}},"22":{"start":{"line":7,"column":13},"end":{"line":41,"column":null}}},"fnMap":{"0":{"name":"(anonymous_4)","decl":{"start":{"line":8,"column":4},"end":{"line":8,"column":17}},"loc":{"start":{"line":8,"column":79},"end":{"line":9,"column":5}}},"1":{"name":"(anonymous_5)","decl":{"start":{"line":11,"column":4},"end":{"line":11,"column":9}},"loc":{"start":{"line":11,"column":83},"end":{"line":40,"column":5}}},"2":{"name":"(anonymous_6)","decl":{"start":{"line":17,"column":27},"end":{"line":17,"column":28}},"loc":{"start":{"line":17,"column":47},"end":{"line":39,"column":9}}},"3":{"name":"(anonymous_7)","decl":{"start":{"line":26,"column":36},"end":{"line":26,"column":37}},"loc":{"start":{"line":26,"column":62},"end":{"line":38,"column":13}}}},"branchMap":{"0":{"loc":{"start":{"line":14,"column":8},"end":{"line":15,"column":80}},"type":"if","locations":[{"start":{"line":14,"column":8},"end":{"line":15,"column":80}}]},"1":{"loc":{"start":{"line":22,"column":67},"end":{"line":22,"column":80}},"type":"binary-expr","locations":[{"start":{"line":22,"column":67},"end":{"line":22,"column":74}},{"start":{"line":22,"column":78},"end":{"line":22,"column":80}}]},"2":{"loc":{"start":{"line":27,"column":16},"end":{"line":31,"column":17}},"type":"if","locations":[{"start":{"line":27,"column":16},"end":{"line":31,"column":17}}]},"3":{"loc":{"start":{"line":33,"column":16},"end":{"line":35,"column":17}},"type":"if","locations":[{"start":{"line":33,"column":16},"end":{"line":35,"column":17}}]}},"s":{"0":1,"1":1,"2":1,"3":1,"4":9,"5":8,"6":8,"7":8,"8":8,"9":8,"10":8,"11":8,"12":8,"13":8,"14":8,"15":0,"16":0,"17":0,"18":8,"19":8,"20":8,"21":1,"22":1},"f":{"0":9,"1":8,"2":8,"3":8},"b":{"0":[8],"1":[8,3],"2":[0],"3":[8]}}
,"/Users/joeri/Documents/cli-web-cloner/src/services/VercelService.ts": {"path":"/Users/joeri/Documents/cli-web-cloner/src/services/VercelService.ts","statementMap":{"0":{"start":{"line":14,"column":0},"end":{"line":14,"column":44}},"1":{"start":{"line":17,"column":7},"end":{"line":31,"column":null}},"2":{"start":{"line":19,"column":40},"end":{"line":19,"column":60}},"3":{"start":{"line":20,"column":41},"end":{"line":20,"column":63}},"4":{"start":{"line":21,"column":40},"end":{"line":21,"column":60}},"5":{"start":{"line":22,"column":40},"end":{"line":22,"column":60}},"6":{"start":{"line":23,"column":45},"end":{"line":23,"column":69}},"7":{"start":{"line":24,"column":39},"end":{"line":24,"column":57}},"8":{"start":{"line":25,"column":42},"end":{"line":25,"column":66}},"9":{"start":{"line":26,"column":39},"end":{"line":26,"column":57}},"10":{"start":{"line":27,"column":39},"end":{"line":27,"column":57}},"11":{"start":{"line":28,"column":41},"end":{"line":28,"column":63}},"12":{"start":{"line":17,"column":13},"end":{"line":17,"column":26}},"13":{"start":{"line":17,"column":13},"end":{"line":31,"column":null}}},"fnMap":{"0":{"name":"(anonymous_4)","decl":{"start":{"line":18,"column":4},"end":{"line":18,"column":null}},"loc":{"start":{"line":28,"column":63},"end":{"line":30,"column":5}}}},"branchMap":{},"s":{"0":1,"1":1,"2":1,"3":1,"4":1,"5":1,"6":1,"7":1,"8":1,"9":1,"10":1,"11":1,"12":1,"13":1},"f":{"0":1},"b":{}}
,"/Users/joeri/Documents/cli-web-cloner/src/services/WebsiteCloner.ts": {"path":"/Users/joeri/Documents/cli-web-cloner/src/services/WebsiteCloner.ts","statementMap":{"0":{"start":{"line":1,"column":0},"end":{"line":1,"column":44}},"1":{"start":{"line":2,"column":0},"end":{"line":2,"column":20}},"2":{"start":{"line":3,"column":0},"end":{"line":3,"column":24}},"3":{"start":{"line":6,"column":0},"end":{"line":23,"column":null}},"4":{"start":{"line":8,"column":47},"end":{"line":8,"column":70}},"5":{"start":{"line":12,"column":8},"end":{"line":21,"column":9}},"6":{"start":{"line":13,"column":29},"end":{"line":13,"column":65}},"7":{"start":{"line":14,"column":12},"end":{"line":16,"column":13}},"8":{"start":{"line":15,"column":16},"end":{"line":15,"column":38}},"9":{"start":{"line":17,"column":12},"end":{"line":17,"column":78}},"10":{"start":{"line":18,"column":12},"end":{"line":18,"column":56}},"11":{"start":{"line":20,"column":12},"end":{"line":20,"column":69}},"12":{"start":{"line":25,"column":8},"end":{"line":25,"column":21}},"13":{"start":{"line":7,"column":6},"end":{"line":23,"column":null}}},"fnMap":{"0":{"name":"(anonymous_5)","decl":{"start":{"line":8,"column":4},"end":{"line":8,"column":17}},"loc":{"start":{"line":8,"column":70},"end":{"line":9,"column":5}}},"1":{"name":"(anonymous_6)","decl":{"start":{"line":11,"column":4},"end":{"line":11,"column":9}},"loc":{"start":{"line":11,"column":50},"end":{"line":22,"column":5}}}},"branchMap":{"0":{"loc":{"start":{"line":14,"column":12},"end":{"line":16,"column":13}},"type":"if","locations":[{"start":{"line":14,"column":12},"end":{"line":16,"column":13}}]}},"s":{"0":1,"1":1,"2":1,"3":1,"4":0,"5":0,"6":0,"7":0,"8":0,"9":0,"10":0,"11":0,"12":1,"13":1},"f":{"0":0,"1":0},"b":{"0":[0]}}
,"/Users/joeri/Documents/cli-web-cloner/src/services/WebsiteDeployer.ts": {"path":"/Users/joeri/Documents/cli-web-cloner/src/services/WebsiteDeployer.ts","statementMap":{"0":{"start":{"line":1,"column":0},"end":{"line":1,"column":36}},"1":{"start":{"line":2,"column":0},"end":{"line":2,"column":35}},"2":{"start":{"line":6,"column":0},"end":{"line":16,"column":null}},"3":{"start":{"line":8,"column":8},"end":{"line":14,"column":11}},"4":{"start":{"line":9,"column":12},"end":{"line":12,"column":13}},"5":{"start":{"line":10,"column":16},"end":{"line":10,"column":75}},"6":{"start":{"line":11,"column":16},"end":{"line":11,"column":23}},"7":{"start":{"line":13,"column":12},"end":{"line":13,"column":60}},"8":{"start":{"line":18,"column":8},"end":{"line":18,"column":23}},"9":{"start":{"line":6,"column":6},"end":{"line":16,"column":null}}},"fnMap":{"0":{"name":"(anonymous_1)","decl":{"start":{"line":7,"column":4},"end":{"line":7,"column":10}},"loc":{"start":{"line":7,"column":28},"end":{"line":15,"column":5}}},"1":{"name":"(anonymous_2)","decl":{"start":{"line":8,"column":43},"end":{"line":8,"column":44}},"loc":{"start":{"line":8,"column":69},"end":{"line":14,"column":9}}}},"branchMap":{"0":{"loc":{"start":{"line":9,"column":12},"end":{"line":12,"column":13}},"type":"if","locations":[{"start":{"line":9,"column":12},"end":{"line":12,"column":13}}]}},"s":{"0":1,"1":1,"2":1,"3":0,"4":0,"5":0,"6":0,"7":0,"8":1,"9":1},"f":{"0":0,"1":0},"b":{"0":[0]}}
,"/Users/joeri/Documents/cli-web-cloner/src/services/index.ts": {"path":"/Users/joeri/Documents/cli-web-cloner/src/services/index.ts","statementMap":{"0":{"start":{"line":1,"column":0},"end":{"line":1,"column":32}},"1":{"start":{"line":2,"column":0},"end":{"line":2,"column":34}},"2":{"start":{"line":3,"column":0},"end":{"line":3,"column":32}},"3":{"start":{"line":4,"column":0},"end":{"line":4,"column":34}},"4":{"start":{"line":5,"column":0},"end":{"line":5,"column":41}},"5":{"start":{"line":6,"column":0},"end":{"line":6,"column":32}},"6":{"start":{"line":7,"column":0},"end":{"line":7,"column":32}},"7":{"start":{"line":8,"column":0},"end":{"line":8,"column":39}},"8":{"start":{"line":9,"column":0},"end":{"line":9,"column":26}},"9":{"start":{"line":10,"column":0},"end":{"line":10,"column":26}}},"fnMap":{},"branchMap":{},"s":{"0":1,"1":1,"2":1,"3":1,"4":1,"5":1,"6":1,"7":1,"8":1,"9":1},"f":{},"b":{}}
,"/Users/joeri/Documents/cli-web-cloner/src/services/config/DeleteConfigService.ts": {"path":"/Users/joeri/Documents/cli-web-cloner/src/services/config/DeleteConfigService.ts","statementMap":{"0":{"start":{"line":1,"column":0},"end":{"line":1,"column":36}},"1":{"start":{"line":3,"column":0},"end":{"line":3,"column":41}},"2":{"start":{"line":4,"column":0},"end":{"line":4,"column":20}},"3":{"start":{"line":5,"column":0},"end":{"line":5,"column":24}},"4":{"start":{"line":8,"column":7},"end":{"line":94,"column":null}},"5":{"start":{"line":10,"column":8},"end":{"line":10,"column":80}},"6":{"start":{"line":16,"column":8},"end":{"line":20,"column":9}},"7":{"start":{"line":17,"column":12},"end":{"line":17,"column":95}},"8":{"start":{"line":19,"column":12},"end":{"line":19,"column":53}},"9":{"start":{"line":22,"column":22},"end":{"line":22,"column":47}},"10":{"start":{"line":23,"column":39},"end":{"line":23,"column":41}},"11":{"start":{"line":24,"column":28},"end":{"line":24,"column":33}},"12":{"start":{"line":26,"column":8},"end":{"line":40,"column":9}},"13":{"start":{"line":27,"column":32},"end":{"line":27,"column":43}},"14":{"start":{"line":29,"column":12},"end":{"line":31,"column":13}},"15":{"start":{"line":30,"column":16},"end":{"line":30,"column":67}},"16":{"start":{"line":33,"column":12},"end":{"line":35,"column":13}},"17":{"start":{"line":34,"column":16},"end":{"line":34,"column":40}},"18":{"start":{"line":37,"column":12},"end":{"line":39,"column":13}},"19":{"start":{"line":38,"column":16},"end":{"line":38,"column":38}},"20":{"start":{"line":42,"column":8},"end":{"line":44,"column":9}},"21":{"start":{"line":43,"column":12},"end":{"line":43,"column":86}},"22":{"start":{"line":46,"column":8},"end":{"line":46,"column":101}},"23":{"start":{"line":52,"column":8},"end":{"line":56,"column":9}},"24":{"start":{"line":53,"column":12},"end":{"line":53,"column":95}},"25":{"start":{"line":55,"column":12},"end":{"line":55,"column":54}},"26":{"start":{"line":58,"column":22},"end":{"line":58,"column":47}},"27":{"start":{"line":59,"column":39},"end":{"line":59,"column":41}},"28":{"start":{"line":60,"column":28},"end":{"line":60,"column":33}},"29":{"start":{"line":61,"column":25},"end":{"line":61,"column":30}},"30":{"start":{"line":63,"column":8},"end":{"line":86,"column":9}},"31":{"start":{"line":64,"column":32},"end":{"line":64,"column":43}},"32":{"start":{"line":66,"column":12},"end":{"line":68,"column":13}},"33":{"start":{"line":67,"column":16},"end":{"line":67,"column":67}},"34":{"start":{"line":70,"column":12},"end":{"line":81,"column":13}},"35":{"start":{"line":71,"column":16},"end":{"line":71,"column":40}},"36":{"start":{"line":72,"column":19},"end":{"line":81,"column":13}},"37":{"start":{"line":73,"column":37},"end":{"line":73,"column":78}},"38":{"start":{"line":73,"column":69},"end":{"line":73,"column":77}},"39":{"start":{"line":74,"column":16},"end":{"line":78,"column":17}},"40":{"start":{"line":75,"column":20},"end":{"line":75,"column":44}},"41":{"start":{"line":77,"column":20},"end":{"line":77,"column":38}},"42":{"start":{"line":80,"column":16},"end":{"line":80,"column":40}},"43":{"start":{"line":83,"column":12},"end":{"line":85,"column":13}},"44":{"start":{"line":84,"column":16},"end":{"line":84,"column":38}},"45":{"start":{"line":88,"column":8},"end":{"line":90,"column":9}},"46":{"start":{"line":89,"column":12},"end":{"line":89,"column":82}},"47":{"start":{"line":92,"column":8},"end":{"line":92,"column":101}},"48":{"start":{"line":8,"column":13},"end":{"line":8,"column":32}},"49":{"start":{"line":8,"column":13},"end":{"line":94,"column":null}}},"fnMap":{"0":{"name":"(anonymous_2)","decl":{"start":{"line":9,"column":4},"end":{"line":9,"column":9}},"loc":{"start":{"line":9,"column":16},"end":{"line":11,"column":5}}},"1":{"name":"(anonymous_3)","decl":{"start":{"line":13,"column":4},"end":{"line":13,"column":9}},"loc":{"start":{"line":13,"column":35},"end":{"line":47,"column":5}}},"2":{"name":"(anonymous_4)","decl":{"start":{"line":49,"column":4},"end":{"line":49,"column":9}},"loc":{"start":{"line":49,"column":55},"end":{"line":93,"column":5}}},"3":{"name":"(anonymous_5)","decl":{"start":{"line":73,"column":64},"end":{"line":73,"column":65}},"loc":{"start":{"line":73,"column":69},"end":{"line":73,"column":77}}}},"branchMap":{"0":{"loc":{"start":{"line":29,"column":12},"end":{"line":31,"column":13}},"type":"if","locations":[{"start":{"line":29,"column":12},"end":{"line":31,"column":13}}]},"1":{"loc":{"start":{"line":29,"column":16},"end":{"line":29,"column":72}},"type":"binary-expr","locations":[{"start":{"line":29,"column":16},"end":{"line":29,"column":43}},{"start":{"line":29,"column":47},"end":{"line":29,"column":72}}]},"2":{"loc":{"start":{"line":33,"column":12},"end":{"line":35,"column":13}},"type":"if","locations":[{"start":{"line":33,"column":12},"end":{"line":35,"column":13}}]},"3":{"loc":{"start":{"line":37,"column":12},"end":{"line":39,"column":13}},"type":"if","locations":[{"start":{"line":37,"column":12},"end":{"line":39,"column":13}}]},"4":{"loc":{"start":{"line":37,"column":16},"end":{"line":37,"column":51}},"type":"binary-expr","locations":[{"start":{"line":37,"column":16},"end":{"line":37,"column":29}},{"start":{"line":37,"column":33},"end":{"line":37,"column":51}}]},"5":{"loc":{"start":{"line":42,"column":8},"end":{"line":44,"column":9}},"type":"if","locations":[{"start":{"line":42,"column":8},"end":{"line":44,"column":9}}]},"6":{"loc":{"start":{"line":66,"column":12},"end":{"line":68,"column":13}},"type":"if","locations":[{"start":{"line":66,"column":12},"end":{"line":68,"column":13}}]},"7":{"loc":{"start":{"line":66,"column":16},"end":{"line":66,"column":72}},"type":"binary-expr","locations":[{"start":{"line":66,"column":16},"end":{"line":66,"column":43}},{"start":{"line":66,"column":47},"end":{"line":66,"column":72}}]},"8":{"loc":{"start":{"line":70,"column":12},"end":{"line":81,"column":13}},"type":"if","locations":[{"start":{"line":70,"column":12},"end":{"line":81,"column":13}},{"start":{"line":72,"column":19},"end":{"line":81,"column":13}}]},"9":{"loc":{"start":{"line":72,"column":19},"end":{"line":81,"column":13}},"type":"if","locations":[{"start":{"line":72,"column":19},"end":{"line":81,"column":13}},{"start":{"line":79,"column":19},"end":{"line":81,"column":13}}]},"10":{"loc":{"start":{"line":72,"column":23},"end":{"line":72,"column":65}},"type":"binary-expr","locations":[{"start":{"line":72,"column":23},"end":{"line":72,"column":36}},{"start":{"line":72,"column":40},"end":{"line":72,"column":65}}]},"11":{"loc":{"start":{"line":74,"column":16},"end":{"line":78,"column":17}},"type":"if","locations":[{"start":{"line":74,"column":16},"end":{"line":78,"column":17}},{"start":{"line":76,"column":23},"end":{"line":78,"column":17}}]},"12":{"loc":{"start":{"line":83,"column":12},"end":{"line":85,"column":13}},"type":"if","locations":[{"start":{"line":83,"column":12},"end":{"line":85,"column":13}}]},"13":{"loc":{"start":{"line":83,"column":16},"end":{"line":83,"column":51}},"type":"binary-expr","locations":[{"start":{"line":83,"column":16},"end":{"line":83,"column":29}},{"start":{"line":83,"column":33},"end":{"line":83,"column":51}}]},"14":{"loc":{"start":{"line":88,"column":8},"end":{"line":90,"column":9}},"type":"if","locations":[{"start":{"line":88,"column":8},"end":{"line":90,"column":9}}]}},"s":{"0":1,"1":1,"2":1,"3":1,"4":1,"5":0,"6":0,"7":0,"8":0,"9":0,"10":0,"11":0,"12":0,"13":0,"14":0,"15":0,"16":0,"17":0,"18":0,"19":0,"20":0,"21":0,"22":0,"23":0,"24":0,"25":0,"26":0,"27":0,"28":0,"29":0,"30":0,"31":0,"32":0,"33":0,"34":0,"35":0,"36":0,"37":0,"38":0,"39":0,"40":0,"41":0,"42":0,"43":0,"44":0,"45":0,"46":0,"47":0,"48":1,"49":1},"f":{"0":0,"1":0,"2":0,"3":0},"b":{"0":[0],"1":[0,0],"2":[0],"3":[0],"4":[0,0],"5":[0],"6":[0],"7":[0,0],"8":[0,0],"9":[0,0],"10":[0,0],"11":[0,0],"12":[0],"13":[0,0],"14":[0]}}
,"/Users/joeri/Documents/cli-web-cloner/src/services/config/ReadConfigService.ts": {"path":"/Users/joeri/Documents/cli-web-cloner/src/services/config/ReadConfigService.ts","statementMap":{"0":{"start":{"line":1,"column":0},"end":{"line":1,"column":44}},"1":{"start":{"line":5,"column":7},"end":{"line":17,"column":null}},"2":{"start":{"line":6,"column":59},"end":{"line":6,"column":106}},"3":{"start":{"line":10,"column":8},"end":{"line":10,"column":63}},"4":{"start":{"line":14,"column":8},"end":{"line":14,"column":75}},"5":{"start":{"line":5,"column":13},"end":{"line":5,"column":30}},"6":{"start":{"line":5,"column":13},"end":{"line":17,"column":null}}},"fnMap":{"0":{"name":"(anonymous_4)","decl":{"start":{"line":6,"column":4},"end":{"line":6,"column":17}},"loc":{"start":{"line":6,"column":106},"end":{"line":7,"column":5}}},"1":{"name":"(anonymous_5)","decl":{"start":{"line":9,"column":4},"end":{"line":9,"column":13}},"loc":{"start":{"line":9,"column":27},"end":{"line":11,"column":5}}},"2":{"name":"(anonymous_6)","decl":{"start":{"line":13,"column":4},"end":{"line":13,"column":20}},"loc":{"start":{"line":13,"column":47},"end":{"line":15,"column":5}}}},"branchMap":{},"s":{"0":1,"1":1,"2":13,"3":0,"4":8,"5":1,"6":1},"f":{"0":13,"1":0,"2":8},"b":{}}
,"/Users/joeri/Documents/cli-web-cloner/src/services/config/UpdateConfigService.ts": {"path":"/Users/joeri/Documents/cli-web-cloner/src/services/config/UpdateConfigService.ts","statementMap":{"0":{"start":{"line":1,"column":0},"end":{"line":1,"column":36}},"1":{"start":{"line":3,"column":0},"end":{"line":3,"column":20}},"2":{"start":{"line":4,"column":0},"end":{"line":4,"column":41}},"3":{"start":{"line":5,"column":0},"end":{"line":5,"column":24}},"4":{"start":{"line":8,"column":7},"end":{"line":94,"column":null}},"5":{"start":{"line":12,"column":8},"end":{"line":16,"column":9}},"6":{"start":{"line":13,"column":12},"end":{"line":13,"column":95}},"7":{"start":{"line":15,"column":12},"end":{"line":15,"column":54}},"8":{"start":{"line":18,"column":22},"end":{"line":18,"column":47}},"9":{"start":{"line":19,"column":39},"end":{"line":19,"column":41}},"10":{"start":{"line":20,"column":28},"end":{"line":20,"column":33}},"11":{"start":{"line":22,"column":8},"end":{"line":37,"column":9}},"12":{"start":{"line":23,"column":32},"end":{"line":23,"column":43}},"13":{"start":{"line":25,"column":12},"end":{"line":30,"column":13}},"14":{"start":{"line":26,"column":16},"end":{"line":28,"column":17}},"15":{"start":{"line":27,"column":20},"end":{"line":27,"column":26}},"16":{"start":{"line":29,"column":16},"end":{"line":29,"column":67}},"17":{"start":{"line":32,"column":12},"end":{"line":36,"column":13}},"18":{"start":{"line":33,"column":16},"end":{"line":33,"column":40}},"19":{"start":{"line":34,"column":19},"end":{"line":36,"column":13}},"20":{"start":{"line":35,"column":16},"end":{"line":35,"column":22}},"21":{"start":{"line":39,"column":32},"end":{"line":41,"column":27}},"22":{"start":{"line":40,"column":35},"end":{"line":40,"column":53}},"23":{"start":{"line":43,"column":8},"end":{"line":43,"column":43}},"24":{"start":{"line":45,"column":8},"end":{"line":45,"column":101}},"25":{"start":{"line":51,"column":8},"end":{"line":55,"column":9}},"26":{"start":{"line":52,"column":12},"end":{"line":52,"column":95}},"27":{"start":{"line":54,"column":12},"end":{"line":54,"column":54}},"28":{"start":{"line":57,"column":22},"end":{"line":57,"column":47}},"29":{"start":{"line":58,"column":39},"end":{"line":58,"column":41}},"30":{"start":{"line":59,"column":28},"end":{"line":59,"column":33}},"31":{"start":{"line":60,"column":25},"end":{"line":60,"column":30}},"32":{"start":{"line":62,"column":8},"end":{"line":85,"column":9}},"33":{"start":{"line":63,"column":32},"end":{"line":63,"column":43}},"34":{"start":{"line":65,"column":12},"end":{"line":70,"column":13}},"35":{"start":{"line":66,"column":16},"end":{"line":68,"column":17}},"36":{"start":{"line":67,"column":20},"end":{"line":67,"column":26}},"37":{"start":{"line":69,"column":16},"end":{"line":69,"column":67}},"38":{"start":{"line":72,"column":12},"end":{"line":84,"column":13}},"39":{"start":{"line":73,"column":16},"end":{"line":73,"column":40}},"40":{"start":{"line":74,"column":19},"end":{"line":84,"column":13}},"41":{"start":{"line":75,"column":37},"end":{"line":75,"column":78}},"42":{"start":{"line":75,"column":69},"end":{"line":75,"column":77}},"43":{"start":{"line":76,"column":16},"end":{"line":81,"column":17}},"44":{"start":{"line":77,"column":20},"end":{"line":77,"column":58}},"45":{"start":{"line":78,"column":20},"end":{"line":78,"column":38}},"46":{"start":{"line":80,"column":20},"end":{"line":80,"column":44}},"47":{"start":{"line":83,"column":16},"end":{"line":83,"column":40}},"48":{"start":{"line":87,"column":8},"end":{"line":89,"column":9}},"49":{"start":{"line":88,"column":12},"end":{"line":88,"column":82}},"50":{"start":{"line":91,"column":8},"end":{"line":91,"column":101}},"51":{"start":{"line":8,"column":13},"end":{"line":8,"column":32}},"52":{"start":{"line":8,"column":13},"end":{"line":94,"column":null}}},"fnMap":{"0":{"name":"(anonymous_2)","decl":{"start":{"line":9,"column":4},"end":{"line":9,"column":9}},"loc":{"start":{"line":9,"column":65},"end":{"line":46,"column":5}}},"1":{"name":"(anonymous_3)","decl":{"start":{"line":40,"column":17},"end":{"line":40,"column":18}},"loc":{"start":{"line":40,"column":35},"end":{"line":40,"column":53}}},"2":{"name":"(anonymous_4)","decl":{"start":{"line":48,"column":4},"end":{"line":48,"column":9}},"loc":{"start":{"line":48,"column":70},"end":{"line":92,"column":5}}},"3":{"name":"(anonymous_5)","decl":{"start":{"line":75,"column":64},"end":{"line":75,"column":65}},"loc":{"start":{"line":75,"column":69},"end":{"line":75,"column":77}}}},"branchMap":{"0":{"loc":{"start":{"line":25,"column":12},"end":{"line":30,"column":13}},"type":"if","locations":[{"start":{"line":25,"column":12},"end":{"line":30,"column":13}}]},"1":{"loc":{"start":{"line":25,"column":16},"end":{"line":25,"column":72}},"type":"binary-expr","locations":[{"start":{"line":25,"column":16},"end":{"line":25,"column":43}},{"start":{"line":25,"column":47},"end":{"line":25,"column":72}}]},"2":{"loc":{"start":{"line":26,"column":16},"end":{"line":28,"column":17}},"type":"if","locations":[{"start":{"line":26,"column":16},"end":{"line":28,"column":17}}]},"3":{"loc":{"start":{"line":32,"column":12},"end":{"line":36,"column":13}},"type":"if","locations":[{"start":{"line":32,"column":12},"end":{"line":36,"column":13}},{"start":{"line":34,"column":19},"end":{"line":36,"column":13}}]},"4":{"loc":{"start":{"line":34,"column":19},"end":{"line":36,"column":13}},"type":"if","locations":[{"start":{"line":34,"column":19},"end":{"line":36,"column":13}}]},"5":{"loc":{"start":{"line":34,"column":23},"end":{"line":34,"column":58}},"type":"binary-expr","locations":[{"start":{"line":34,"column":23},"end":{"line":34,"column":36}},{"start":{"line":34,"column":40},"end":{"line":34,"column":58}}]},"6":{"loc":{"start":{"line":65,"column":12},"end":{"line":70,"column":13}},"type":"if","locations":[{"start":{"line":65,"column":12},"end":{"line":70,"column":13}}]},"7":{"loc":{"start":{"line":65,"column":16},"end":{"line":65,"column":72}},"type":"binary-expr","locations":[{"start":{"line":65,"column":16},"end":{"line":65,"column":43}},{"start":{"line":65,"column":47},"end":{"line":65,"column":72}}]},"8":{"loc":{"start":{"line":66,"column":16},"end":{"line":68,"column":17}},"type":"if","locations":[{"start":{"line":66,"column":16},"end":{"line":68,"column":17}}]},"9":{"loc":{"start":{"line":72,"column":12},"end":{"line":84,"column":13}},"type":"if","locations":[{"start":{"line":72,"column":12},"end":{"line":84,"column":13}},{"start":{"line":74,"column":19},"end":{"line":84,"column":13}}]},"10":{"loc":{"start":{"line":74,"column":19},"end":{"line":84,"column":13}},"type":"if","locations":[{"start":{"line":74,"column":19},"end":{"line":84,"column":13}},{"start":{"line":82,"column":19},"end":{"line":84,"column":13}}]},"11":{"loc":{"start":{"line":74,"column":23},"end":{"line":74,"column":65}},"type":"binary-expr","locations":[{"start":{"line":74,"column":23},"end":{"line":74,"column":36}},{"start":{"line":74,"column":40},"end":{"line":74,"column":65}}]},"12":{"loc":{"start":{"line":76,"column":16},"end":{"line":81,"column":17}},"type":"if","locations":[{"start":{"line":76,"column":16},"end":{"line":81,"column":17}},{"start":{"line":79,"column":23},"end":{"line":81,"column":17}}]},"13":{"loc":{"start":{"line":87,"column":8},"end":{"line":89,"column":9}},"type":"if","locations":[{"start":{"line":87,"column":8},"end":{"line":89,"column":9}}]}},"s":{"0":1,"1":1,"2":1,"3":1,"4":1,"5":0,"6":0,"7":0,"8":0,"9":0,"10":0,"11":0,"12":0,"13":0,"14":0,"15":0,"16":0,"17":0,"18":0,"19":0,"20":0,"21":0,"22":0,"23":0,"24":0,"25":0,"26":0,"27":0,"28":0,"29":0,"30":0,"31":0,"32":0,"33":0,"34":0,"35":0,"36":0,"37":0,"38":0,"39":0,"40":0,"41":0,"42":0,"43":0,"44":0,"45":0,"46":0,"47":0,"48":0,"49":0,"50":0,"51":1,"52":1},"f":{"0":0,"1":0,"2":0,"3":0},"b":{"0":[0],"1":[0,0],"2":[0],"3":[0,0],"4":[0],"5":[0,0],"6":[0],"7":[0,0],"8":[0],"9":[0,0],"10":[0,0],"11":[0,0],"12":[0,0],"13":[0]}}
,"/Users/joeri/Documents/cli-web-cloner/src/services/config/WriteConfigService.ts": {"path":"/Users/joeri/Documents/cli-web-cloner/src/services/config/WriteConfigService.ts","statementMap":{"0":{"start":{"line":1,"column":0},"end":{"line":1,"column":36}},"1":{"start":{"line":3,"column":0},"end":{"line":3,"column":20}},"2":{"start":{"line":4,"column":0},"end":{"line":4,"column":24}},"3":{"start":{"line":5,"column":0},"end":{"line":5,"column":41}},"4":{"start":{"line":8,"column":7},"end":{"line":29,"column":null}},"5":{"start":{"line":12,"column":8},"end":{"line":16,"column":9}},"6":{"start":{"line":13,"column":12},"end":{"line":13,"column":95}},"7":{"start":{"line":15,"column":12},"end":{"line":15,"column":54}},"8":{"start":{"line":18,"column":28},"end":{"line":18,"column":64}},"9":{"start":{"line":19,"column":8},"end":{"line":21,"column":9}},"10":{"start":{"line":20,"column":12},"end":{"line":20,"column":91}},"11":{"start":{"line":23,"column":32},"end":{"line":25,"column":25}},"12":{"start":{"line":24,"column":35},"end":{"line":24,"column":53}},"13":{"start":{"line":27,"column":8},"end":{"line":27,"column":109}},"14":{"start":{"line":8,"column":13},"end":{"line":8,"column":31}},"15":{"start":{"line":8,"column":13},"end":{"line":29,"column":null}}},"fnMap":{"0":{"name":"(anonymous_2)","decl":{"start":{"line":9,"column":4},"end":{"line":9,"column":9}},"loc":{"start":{"line":9,"column":59},"end":{"line":28,"column":5}}},"1":{"name":"(anonymous_3)","decl":{"start":{"line":24,"column":17},"end":{"line":24,"column":18}},"loc":{"start":{"line":24,"column":35},"end":{"line":24,"column":53}}}},"branchMap":{"0":{"loc":{"start":{"line":19,"column":8},"end":{"line":21,"column":9}},"type":"if","locations":[{"start":{"line":19,"column":8},"end":{"line":21,"column":9}}]}},"s":{"0":1,"1":1,"2":1,"3":1,"4":1,"5":0,"6":0,"7":0,"8":0,"9":0,"10":0,"11":0,"12":0,"13":0,"14":1,"15":1},"f":{"0":0,"1":0},"b":{"0":[0]}}
,"/Users/joeri/Documents/cli-web-cloner/src/services/config/index.ts": {"path":"/Users/joeri/Documents/cli-web-cloner/src/services/config/index.ts","statementMap":{"0":{"start":{"line":1,"column":0},"end":{"line":1,"column":36}},"1":{"start":{"line":2,"column":0},"end":{"line":2,"column":37}},"2":{"start":{"line":3,"column":0},"end":{"line":3,"column":38}},"3":{"start":{"line":4,"column":0},"end":{"line":4,"column":38}}},"fnMap":{},"branchMap":{},"s":{"0":1,"1":1,"2":1,"3":1},"f":{},"b":{}}
,"/Users/joeri/Documents/cli-web-cloner/src/services/vercel/AliasService.ts": {"path":"/Users/joeri/Documents/cli-web-cloner/src/services/vercel/AliasService.ts","statementMap":{"0":{"start":{"line":1,"column":0},"end":{"line":1,"column":44}},"1":{"start":{"line":10,"column":0},"end":{"line":26,"column":null}},"2":{"start":{"line":12,"column":57},"end":{"line":12,"column":100}},"3":{"start":{"line":16,"column":8},"end":{"line":16,"column":100}},"4":{"start":{"line":20,"column":8},"end":{"line":20,"column":114}},"5":{"start":{"line":24,"column":8},"end":{"line":24,"column":122}},"6":{"start":{"line":28,"column":8},"end":{"line":28,"column":20}},"7":{"start":{"line":11,"column":6},"end":{"line":26,"column":null}}},"fnMap":{"0":{"name":"(anonymous_4)","decl":{"start":{"line":12,"column":4},"end":{"line":12,"column":17}},"loc":{"start":{"line":12,"column":100},"end":{"line":13,"column":5}}},"1":{"name":"(anonymous_5)","decl":{"start":{"line":15,"column":4},"end":{"line":15,"column":9}},"loc":{"start":{"line":15,"column":83},"end":{"line":17,"column":5}}},"2":{"name":"(anonymous_6)","decl":{"start":{"line":19,"column":4},"end":{"line":19,"column":9}},"loc":{"start":{"line":19,"column":68},"end":{"line":21,"column":5}}},"3":{"name":"(anonymous_7)","decl":{"start":{"line":23,"column":4},"end":{"line":23,"column":9}},"loc":{"start":{"line":23,"column":42},"end":{"line":25,"column":5}}}},"branchMap":{"0":{"loc":{"start":{"line":20,"column":86},"end":{"line":20,"column":112}},"type":"binary-expr","locations":[{"start":{"line":20,"column":86},"end":{"line":20,"column":98}},{"start":{"line":20,"column":102},"end":{"line":20,"column":106}},{"start":{"line":20,"column":110},"end":{"line":20,"column":112}}]},"1":{"loc":{"start":{"line":24,"column":70},"end":{"line":24,"column":120}},"type":"binary-expr","locations":[{"start":{"line":24,"column":70},"end":{"line":24,"column":84}},{"start":{"line":24,"column":88},"end":{"line":24,"column":114}},{"start":{"line":24,"column":118},"end":{"line":24,"column":120}}]}},"s":{"0":1,"1":1,"2":1,"3":1,"4":1,"5":1,"6":1,"7":1},"f":{"0":1,"1":1,"2":1,"3":1},"b":{"0":[1,1,0],"1":[1,1,0]}}
,"/Users/joeri/Documents/cli-web-cloner/src/services/vercel/BisectService.ts": {"path":"/Users/joeri/Documents/cli-web-cloner/src/services/vercel/BisectService.ts","statementMap":{"0":{"start":{"line":2,"column":0},"end":{"line":2,"column":44}},"1":{"start":{"line":4,"column":0},"end":{"line":30,"column":null}},"2":{"start":{"line":6,"column":57},"end":{"line":6,"column":100}},"3":{"start":{"line":10,"column":28},"end":{"line":10,"column":30}},"4":{"start":{"line":12,"column":8},"end":{"line":13,"column":56}},"5":{"start":{"line":13,"column":12},"end":{"line":13,"column":56}},"6":{"start":{"line":15,"column":8},"end":{"line":16,"column":54}},"7":{"start":{"line":16,"column":12},"end":{"line":16,"column":54}},"8":{"start":{"line":18,"column":8},"end":{"line":19,"column":56}},"9":{"start":{"line":19,"column":12},"end":{"line":19,"column":56}},"10":{"start":{"line":21,"column":8},"end":{"line":22,"column":40}},"11":{"start":{"line":22,"column":12},"end":{"line":22,"column":40}},"12":{"start":{"line":24,"column":8},"end":{"line":25,"column":54}},"13":{"start":{"line":25,"column":12},"end":{"line":25,"column":54}},"14":{"start":{"line":28,"column":8},"end":{"line":28,"column":83}},"15":{"start":{"line":32,"column":8},"end":{"line":32,"column":21}},"16":{"start":{"line":5,"column":6},"end":{"line":30,"column":null}}},"fnMap":{"0":{"name":"(anonymous_4)","decl":{"start":{"line":6,"column":4},"end":{"line":6,"column":17}},"loc":{"start":{"line":6,"column":100},"end":{"line":7,"column":5}}},"1":{"name":"(anonymous_5)","decl":{"start":{"line":9,"column":4},"end":{"line":9,"column":9}},"loc":{"start":{"line":9,"column":41},"end":{"line":29,"column":5}}}},"branchMap":{"0":{"loc":{"start":{"line":12,"column":8},"end":{"line":13,"column":56}},"type":"if","locations":[{"start":{"line":12,"column":8},"end":{"line":13,"column":56}}]},"1":{"loc":{"start":{"line":15,"column":8},"end":{"line":16,"column":54}},"type":"if","locations":[{"start":{"line":15,"column":8},"end":{"line":16,"column":54}}]},"2":{"loc":{"start":{"line":18,"column":8},"end":{"line":19,"column":56}},"type":"if","locations":[{"start":{"line":18,"column":8},"end":{"line":19,"column":56}}]},"3":{"loc":{"start":{"line":21,"column":8},"end":{"line":22,"column":40}},"type":"if","locations":[{"start":{"line":21,"column":8},"end":{"line":22,"column":40}}]},"4":{"loc":{"start":{"line":24,"column":8},"end":{"line":25,"column":54}},"type":"if","locations":[{"start":{"line":24,"column":8},"end":{"line":25,"column":54}}]}},"s":{"0":1,"1":1,"2":1,"3":1,"4":1,"5":1,"6":1,"7":1,"8":1,"9":1,"10":1,"11":1,"12":1,"13":1,"14":1,"15":1,"16":1},"f":{"0":1,"1":1},"b":{"0":[1],"1":[1],"2":[1],"3":[1],"4":[1]}}
,"/Users/joeri/Documents/cli-web-cloner/src/services/vercel/BuildService.ts": {"path":"/Users/joeri/Documents/cli-web-cloner/src/services/vercel/BuildService.ts","statementMap":{"0":{"start":{"line":2,"column":0},"end":{"line":2,"column":44}},"1":{"start":{"line":4,"column":0},"end":{"line":20,"column":null}},"2":{"start":{"line":6,"column":57},"end":{"line":6,"column":100}},"3":{"start":{"line":10,"column":27},"end":{"line":10,"column":29}},"4":{"start":{"line":12,"column":8},"end":{"line":13,"column":39}},"5":{"start":{"line":13,"column":12},"end":{"line":13,"column":39}},"6":{"start":{"line":15,"column":8},"end":{"line":16,"column":38}},"7":{"start":{"line":16,"column":12},"end":{"line":16,"column":38}},"8":{"start":{"line":18,"column":8},"end":{"line":18,"column":81}},"9":{"start":{"line":22,"column":8},"end":{"line":22,"column":20}},"10":{"start":{"line":5,"column":6},"end":{"line":20,"column":null}}},"fnMap":{"0":{"name":"(anonymous_4)","decl":{"start":{"line":6,"column":4},"end":{"line":6,"column":17}},"loc":{"start":{"line":6,"column":100},"end":{"line":7,"column":5}}},"1":{"name":"(anonymous_5)","decl":{"start":{"line":9,"column":4},"end":{"line":9,"column":9}},"loc":{"start":{"line":9,"column":39},"end":{"line":19,"column":5}}}},"branchMap":{"0":{"loc":{"start":{"line":12,"column":8},"end":{"line":13,"column":39}},"type":"if","locations":[{"start":{"line":12,"column":8},"end":{"line":13,"column":39}}]},"1":{"loc":{"start":{"line":15,"column":8},"end":{"line":16,"column":38}},"type":"if","locations":[{"start":{"line":15,"column":8},"end":{"line":16,"column":38}}]}},"s":{"0":1,"1":1,"2":1,"3":1,"4":1,"5":1,"6":1,"7":1,"8":1,"9":1,"10":1},"f":{"0":1,"1":1},"b":{"0":[1],"1":[1]}}
,"/Users/joeri/Documents/cli-web-cloner/src/services/vercel/CertsService.ts": {"path":"/Users/joeri/Documents/cli-web-cloner/src/services/vercel/CertsService.ts","statementMap":{"0":{"start":{"line":1,"column":0},"end":{"line":1,"column":44}},"1":{"start":{"line":5,"column":7},"end":{"line":20,"column":null}},"2":{"start":{"line":6,"column":57},"end":{"line":6,"column":100}},"3":{"start":{"line":10,"column":8},"end":{"line":10,"column":122}},"4":{"start":{"line":14,"column":8},"end":{"line":14,"column":135}},"5":{"start":{"line":18,"column":8},"end":{"line":18,"column":78}},"6":{"start":{"line":5,"column":13},"end":{"line":5,"column":25}},"7":{"start":{"line":5,"column":13},"end":{"line":20,"column":null}}},"fnMap":{"0":{"name":"(anonymous_4)","decl":{"start":{"line":6,"column":4},"end":{"line":6,"column":17}},"loc":{"start":{"line":6,"column":100},"end":{"line":7,"column":5}}},"1":{"name":"(anonymous_5)","decl":{"start":{"line":9,"column":4},"end":{"line":9,"column":9}},"loc":{"start":{"line":9,"column":42},"end":{"line":11,"column":5}}},"2":{"name":"(anonymous_6)","decl":{"start":{"line":13,"column":4},"end":{"line":13,"column":9}},"loc":{"start":{"line":13,"column":76},"end":{"line":15,"column":5}}},"3":{"name":"(anonymous_7)","decl":{"start":{"line":17,"column":4},"end":{"line":17,"column":9}},"loc":{"start":{"line":17,"column":35},"end":{"line":19,"column":5}}}},"branchMap":{"0":{"loc":{"start":{"line":10,"column":70},"end":{"line":10,"column":120}},"type":"binary-expr","locations":[{"start":{"line":10,"column":70},"end":{"line":10,"column":84}},{"start":{"line":10,"column":88},"end":{"line":10,"column":114}},{"start":{"line":10,"column":118},"end":{"line":10,"column":120}}]},"1":{"loc":{"start":{"line":14,"column":83},"end":{"line":14,"column":133}},"type":"binary-expr","locations":[{"start":{"line":14,"column":83},"end":{"line":14,"column":105}},{"start":{"line":14,"column":109},"end":{"line":14,"column":127}},{"start":{"line":14,"column":131},"end":{"line":14,"column":133}}]}},"s":{"0":1,"1":1,"2":1,"3":1,"4":1,"5":1,"6":1,"7":1},"f":{"0":1,"1":1,"2":1,"3":1},"b":{"0":[1,1,0],"1":[1,0,1]}}
,"/Users/joeri/Documents/cli-web-cloner/src/services/vercel/DeployService.ts": {"path":"/Users/joeri/Documents/cli-web-cloner/src/services/vercel/DeployService.ts","statementMap":{"0":{"start":{"line":2,"column":0},"end":{"line":2,"column":44}},"1":{"start":{"line":5,"column":7},"end":{"line":66,"column":null}},"2":{"start":{"line":6,"column":57},"end":{"line":6,"column":100}},"3":{"start":{"line":10,"column":28},"end":{"line":10,"column":30}},"4":{"start":{"line":12,"column":8},"end":{"line":13,"column":55}},"5":{"start":{"line":13,"column":12},"end":{"line":13,"column":55}},"6":{"start":{"line":15,"column":8},"end":{"line":16,"column":43}},"7":{"start":{"line":16,"column":12},"end":{"line":16,"column":43}},"8":{"start":{"line":18,"column":8},"end":{"line":21,"column":13}},"9":{"start":{"line":19,"column":12},"end":{"line":21,"column":13}},"10":{"start":{"line":19,"column":25},"end":{"line":19,"column":26}},"11":{"start":{"line":20,"column":16},"end":{"line":20,"column":71}},"12":{"start":{"line":23,"column":8},"end":{"line":24,"column":64}},"13":{"start":{"line":24,"column":12},"end":{"line":24,"column":64}},"14":{"start":{"line":26,"column":8},"end":{"line":27,"column":38}},"15":{"start":{"line":27,"column":12},"end":{"line":27,"column":38}},"16":{"start":{"line":29,"column":8},"end":{"line":32,"column":13}},"17":{"start":{"line":30,"column":12},"end":{"line":32,"column":13}},"18":{"start":{"line":30,"column":25},"end":{"line":30,"column":26}},"19":{"start":{"line":31,"column":16},"end":{"line":31,"column":60}},"20":{"start":{"line":34,"column":8},"end":{"line":35,"column":53}},"21":{"start":{"line":35,"column":12},"end":{"line":35,"column":53}},"22":{"start":{"line":37,"column":8},"end":{"line":38,"column":55}},"23":{"start":{"line":38,"column":12},"end":{"line":38,"column":55}},"24":{"start":{"line":40,"column":8},"end":{"line":41,"column":39}},"25":{"start":{"line":41,"column":12},"end":{"line":41,"column":39}},"26":{"start":{"line":43,"column":8},"end":{"line":44,"column":46}},"27":{"start":{"line":44,"column":12},"end":{"line":44,"column":46}},"28":{"start":{"line":46,"column":8},"end":{"line":47,"column":41}},"29":{"start":{"line":47,"column":12},"end":{"line":47,"column":41}},"30":{"start":{"line":49,"column":8},"end":{"line":50,"column":61}},"31":{"start":{"line":50,"column":12},"end":{"line":50,"column":61}},"32":{"start":{"line":52,"column":8},"end":{"line":53,"column":42}},"33":{"start":{"line":53,"column":12},"end":{"line":53,"column":42}},"34":{"start":{"line":55,"column":8},"end":{"line":56,"column":40}},"35":{"start":{"line":56,"column":12},"end":{"line":56,"column":40}},"36":{"start":{"line":58,"column":8},"end":{"line":59,"column":45}},"37":{"start":{"line":59,"column":12},"end":{"line":59,"column":45}},"38":{"start":{"line":61,"column":8},"end":{"line":62,"column":61}},"39":{"start":{"line":62,"column":12},"end":{"line":62,"column":61}},"40":{"start":{"line":64,"column":8},"end":{"line":64,"column":82}},"41":{"start":{"line":5,"column":13},"end":{"line":5,"column":26}},"42":{"start":{"line":5,"column":13},"end":{"line":66,"column":null}}},"fnMap":{"0":{"name":"(anonymous_4)","decl":{"start":{"line":6,"column":4},"end":{"line":6,"column":17}},"loc":{"start":{"line":6,"column":100},"end":{"line":7,"column":5}}},"1":{"name":"(anonymous_5)","decl":{"start":{"line":9,"column":4},"end":{"line":9,"column":9}},"loc":{"start":{"line":9,"column":40},"end":{"line":65,"column":5}}}},"branchMap":{"0":{"loc":{"start":{"line":12,"column":8},"end":{"line":13,"column":55}},"type":"if","locations":[{"start":{"line":12,"column":8},"end":{"line":13,"column":55}}]},"1":{"loc":{"start":{"line":15,"column":8},"end":{"line":16,"column":43}},"type":"if","locations":[{"start":{"line":15,"column":8},"end":{"line":16,"column":43}}]},"2":{"loc":{"start":{"line":18,"column":8},"end":{"line":21,"column":13}},"type":"if","locations":[{"start":{"line":18,"column":8},"end":{"line":21,"column":13}}]},"3":{"loc":{"start":{"line":23,"column":8},"end":{"line":24,"column":64}},"type":"if","locations":[{"start":{"line":23,"column":8},"end":{"line":24,"column":64}}]},"4":{"loc":{"start":{"line":26,"column":8},"end":{"line":27,"column":38}},"type":"if","locations":[{"start":{"line":26,"column":8},"end":{"line":27,"column":38}}]},"5":{"loc":{"start":{"line":29,"column":8},"end":{"line":32,"column":13}},"type":"if","locations":[{"start":{"line":29,"column":8},"end":{"line":32,"column":13}}]},"6":{"loc":{"start":{"line":34,"column":8},"end":{"line":35,"column":53}},"type":"if","locations":[{"start":{"line":34,"column":8},"end":{"line":35,"column":53}}]},"7":{"loc":{"start":{"line":37,"column":8},"end":{"line":38,"column":55}},"type":"if","locations":[{"start":{"line":37,"column":8},"end":{"line":38,"column":55}}]},"8":{"loc":{"start":{"line":40,"column":8},"end":{"line":41,"column":39}},"type":"if","locations":[{"start":{"line":40,"column":8},"end":{"line":41,"column":39}}]},"9":{"loc":{"start":{"line":43,"column":8},"end":{"line":44,"column":46}},"type":"if","locations":[{"start":{"line":43,"column":8},"end":{"line":44,"column":46}}]},"10":{"loc":{"start":{"line":46,"column":8},"end":{"line":47,"column":41}},"type":"if","locations":[{"start":{"line":46,"column":8},"end":{"line":47,"column":41}}]},"11":{"loc":{"start":{"line":49,"column":8},"end":{"line":50,"column":61}},"type":"if","locations":[{"start":{"line":49,"column":8},"end":{"line":50,"column":61}}]},"12":{"loc":{"start":{"line":52,"column":8},"end":{"line":53,"column":42}},"type":"if","locations":[{"start":{"line":52,"column":8},"end":{"line":53,"column":42}}]},"13":{"loc":{"start":{"line":55,"column":8},"end":{"line":56,"column":40}},"type":"if","locations":[{"start":{"line":55,"column":8},"end":{"line":56,"column":40}}]},"14":{"loc":{"start":{"line":55,"column":12},"end":{"line":55,"column":49}},"type":"binary-expr","locations":[{"start":{"line":55,"column":12},"end":{"line":55,"column":26}},{"start":{"line":55,"column":30},"end":{"line":55,"column":49}}]},"15":{"loc":{"start":{"line":58,"column":8},"end":{"line":59,"column":45}},"type":"if","locations":[{"start":{"line":58,"column":8},"end":{"line":59,"column":45}}]},"16":{"loc":{"start":{"line":58,"column":12},"end":{"line":58,"column":48}},"type":"binary-expr","locations":[{"start":{"line":58,"column":12},"end":{"line":58,"column":26}},{"start":{"line":58,"column":30},"end":{"line":58,"column":48}}]},"17":{"loc":{"start":{"line":61,"column":8},"end":{"line":62,"column":61}},"type":"if","locations":[{"start":{"line":61,"column":8},"end":{"line":62,"column":61}}]}},"s":{"0":1,"1":1,"2":1,"3":0,"4":0,"5":0,"6":0,"7":0,"8":0,"9":0,"10":0,"11":0,"12":0,"13":0,"14":0,"15":0,"16":0,"17":0,"18":0,"19":0,"20":0,"21":0,"22":0,"23":0,"24":0,"25":0,"26":0,"27":0,"28":0,"29":0,"30":0,"31":0,"32":0,"33":0,"34":0,"35":0,"36":0,"37":0,"38":0,"39":0,"40":0,"41":1,"42":1},"f":{"0":1,"1":0},"b":{"0":[0],"1":[0],"2":[0],"3":[0],"4":[0],"5":[0],"6":[0],"7":[0],"8":[0],"9":[0],"10":[0],"11":[0],"12":[0],"13":[0],"14":[0,0],"15":[0],"16":[0,0],"17":[0]}}
,"/Users/joeri/Documents/cli-web-cloner/src/services/vercel/InitService.ts": {"path":"/Users/joeri/Documents/cli-web-cloner/src/services/vercel/InitService.ts","statementMap":{"0":{"start":{"line":3,"column":0},"end":{"line":3,"column":44}},"1":{"start":{"line":6,"column":7},"end":{"line":13,"column":null}},"2":{"start":{"line":7,"column":57},"end":{"line":7,"column":100}},"3":{"start":{"line":11,"column":8},"end":{"line":11,"column":129}},"4":{"start":{"line":6,"column":13},"end":{"line":6,"column":24}},"5":{"start":{"line":6,"column":13},"end":{"line":13,"column":null}}},"fnMap":{"0":{"name":"(anonymous_4)","decl":{"start":{"line":7,"column":4},"end":{"line":7,"column":17}},"loc":{"start":{"line":7,"column":100},"end":{"line":8,"column":5}}},"1":{"name":"(anonymous_5)","decl":{"start":{"line":10,"column":4},"end":{"line":10,"column":8}},"loc":{"start":{"line":10,"column":72},"end":{"line":12,"column":5}}}},"branchMap":{"0":{"loc":{"start":{"line":11,"column":94},"end":{"line":11,"column":127}},"type":"binary-expr","locations":[{"start":{"line":11,"column":94},"end":{"line":11,"column":108}},{"start":{"line":11,"column":112},"end":{"line":11,"column":121}},{"start":{"line":11,"column":125},"end":{"line":11,"column":127}}]}},"s":{"0":1,"1":1,"2":1,"3":0,"4":1,"5":1},"f":{"0":1,"1":0},"b":{"0":[0,0,0]}}
,"/Users/joeri/Documents/cli-web-cloner/src/services/vercel/LinkService.ts": {"path":"/Users/joeri/Documents/cli-web-cloner/src/services/vercel/LinkService.ts","statementMap":{"0":{"start":{"line":3,"column":0},"end":{"line":3,"column":44}},"1":{"start":{"line":6,"column":7},"end":{"line":21,"column":null}},"2":{"start":{"line":7,"column":57},"end":{"line":7,"column":100}},"3":{"start":{"line":11,"column":26},"end":{"line":11,"column":28}},"4":{"start":{"line":13,"column":8},"end":{"line":14,"column":60}},"5":{"start":{"line":14,"column":12},"end":{"line":14,"column":60}},"6":{"start":{"line":16,"column":8},"end":{"line":17,"column":37}},"7":{"start":{"line":17,"column":12},"end":{"line":17,"column":37}},"8":{"start":{"line":19,"column":8},"end":{"line":19,"column":79}},"9":{"start":{"line":6,"column":13},"end":{"line":6,"column":24}},"10":{"start":{"line":6,"column":13},"end":{"line":21,"column":null}}},"fnMap":{"0":{"name":"(anonymous_4)","decl":{"start":{"line":7,"column":4},"end":{"line":7,"column":17}},"loc":{"start":{"line":7,"column":100},"end":{"line":8,"column":5}}},"1":{"name":"(anonymous_5)","decl":{"start":{"line":10,"column":4},"end":{"line":10,"column":8}},"loc":{"start":{"line":10,"column":31},"end":{"line":20,"column":5}}}},"branchMap":{"0":{"loc":{"start":{"line":13,"column":8},"end":{"line":14,"column":60}},"type":"if","locations":[{"start":{"line":13,"column":8},"end":{"line":14,"column":60}}]},"1":{"loc":{"start":{"line":16,"column":8},"end":{"line":17,"column":37}},"type":"if","locations":[{"start":{"line":16,"column":8},"end":{"line":17,"column":37}}]}},"s":{"0":1,"1":1,"2":1,"3":0,"4":0,"5":0,"6":0,"7":0,"8":0,"9":1,"10":1},"f":{"0":1,"1":0},"b":{"0":[0],"1":[0]}}
,"/Users/joeri/Documents/cli-web-cloner/src/services/vercel/ProjectService.ts": {"path":"/Users/joeri/Documents/cli-web-cloner/src/services/vercel/ProjectService.ts","statementMap":{"0":{"start":{"line":8,"column":0},"end":{"line":8,"column":44}},"1":{"start":{"line":12,"column":7},"end":{"line":32,"column":null}},"2":{"start":{"line":13,"column":57},"end":{"line":13,"column":100}},"3":{"start":{"line":13,"column":133},"end":{"line":13,"column":156}},"4":{"start":{"line":13,"column":192},"end":{"line":13,"column":221}},"5":{"start":{"line":17,"column":8},"end":{"line":17,"column":79}},"6":{"start":{"line":21,"column":8},"end":{"line":21,"column":100}},"7":{"start":{"line":25,"column":8},"end":{"line":25,"column":128}},"8":{"start":{"line":29,"column":8},"end":{"line":29,"column":82}},"9":{"start":{"line":12,"column":13},"end":{"line":12,"column":27}},"10":{"start":{"line":12,"column":13},"end":{"line":32,"column":null}}},"fnMap":{"0":{"name":"(anonymous_4)","decl":{"start":{"line":13,"column":4},"end":{"line":13,"column":17}},"loc":{"start":{"line":13,"column":221},"end":{"line":14,"column":5}}},"1":{"name":"(anonymous_5)","decl":{"start":{"line":16,"column":4},"end":{"line":16,"column":7}},"loc":{"start":{"line":16,"column":27},"end":{"line":18,"column":5}}},"2":{"name":"(anonymous_6)","decl":{"start":{"line":20,"column":4},"end":{"line":20,"column":9}},"loc":{"start":{"line":20,"column":34},"end":{"line":22,"column":5}}},"3":{"name":"(anonymous_7)","decl":{"start":{"line":24,"column":4},"end":{"line":24,"column":8}},"loc":{"start":{"line":24,"column":39},"end":{"line":26,"column":5}}},"4":{"name":"(anonymous_8)","decl":{"start":{"line":28,"column":4},"end":{"line":28,"column":10}},"loc":{"start":{"line":28,"column":30},"end":{"line":30,"column":5}}}},"branchMap":{"0":{"loc":{"start":{"line":21,"column":79},"end":{"line":21,"column":96}},"type":"binary-expr","locations":[{"start":{"line":21,"column":79},"end":{"line":21,"column":90}},{"start":{"line":21,"column":94},"end":{"line":21,"column":96}}]},"1":{"loc":{"start":{"line":25,"column":74},"end":{"line":25,"column":126}},"type":"binary-expr","locations":[{"start":{"line":25,"column":74},"end":{"line":25,"column":97}},{"start":{"line":25,"column":101},"end":{"line":25,"column":120}},{"start":{"line":25,"column":124},"end":{"line":25,"column":126}}]}},"s":{"0":1,"1":1,"2":1,"3":1,"4":1,"5":0,"6":0,"7":0,"8":0,"9":1,"10":1},"f":{"0":1,"1":0,"2":0,"3":0,"4":0},"b":{"0":[0,0],"1":[0,0,0]}}
,"/Users/joeri/Documents/cli-web-cloner/src/services/vercel/PullService.ts": {"path":"/Users/joeri/Documents/cli-web-cloner/src/services/vercel/PullService.ts","statementMap":{"0":{"start":{"line":3,"column":0},"end":{"line":3,"column":44}},"1":{"start":{"line":6,"column":7},"end":{"line":24,"column":null}},"2":{"start":{"line":7,"column":57},"end":{"line":7,"column":100}},"3":{"start":{"line":11,"column":26},"end":{"line":11,"column":28}},"4":{"start":{"line":13,"column":8},"end":{"line":14,"column":67}},"5":{"start":{"line":14,"column":12},"end":{"line":14,"column":67}},"6":{"start":{"line":16,"column":8},"end":{"line":17,"column":63}},"7":{"start":{"line":17,"column":12},"end":{"line":17,"column":63}},"8":{"start":{"line":19,"column":8},"end":{"line":20,"column":36}},"9":{"start":{"line":20,"column":12},"end":{"line":20,"column":36}},"10":{"start":{"line":22,"column":8},"end":{"line":22,"column":79}},"11":{"start":{"line":6,"column":13},"end":{"line":6,"column":24}},"12":{"start":{"line":6,"column":13},"end":{"line":24,"column":null}}},"fnMap":{"0":{"name":"(anonymous_4)","decl":{"start":{"line":7,"column":4},"end":{"line":7,"column":17}},"loc":{"start":{"line":7,"column":100},"end":{"line":8,"column":5}}},"1":{"name":"(anonymous_5)","decl":{"start":{"line":10,"column":4},"end":{"line":10,"column":9}},"loc":{"start":{"line":10,"column":36},"end":{"line":23,"column":5}}}},"branchMap":{"0":{"loc":{"start":{"line":13,"column":8},"end":{"line":14,"column":67}},"type":"if","locations":[{"start":{"line":13,"column":8},"end":{"line":14,"column":67}}]},"1":{"loc":{"start":{"line":16,"column":8},"end":{"line":17,"column":63}},"type":"if","locations":[{"start":{"line":16,"column":8},"end":{"line":17,"column":63}}]},"2":{"loc":{"start":{"line":19,"column":8},"end":{"line":20,"column":36}},"type":"if","locations":[{"start":{"line":19,"column":8},"end":{"line":20,"column":36}}]}},"s":{"0":1,"1":1,"2":1,"3":0,"4":0,"5":0,"6":0,"7":0,"8":0,"9":0,"10":0,"11":1,"12":1},"f":{"0":1,"1":0},"b":{"0":[0],"1":[0],"2":[0]}}
,"/Users/joeri/Documents/cli-web-cloner/src/services/vercel/VercelAuthService.ts": {"path":"/Users/joeri/Documents/cli-web-cloner/src/services/vercel/VercelAuthService.ts","statementMap":{"0":{"start":{"line":2,"column":0},"end":{"line":2,"column":44}},"1":{"start":{"line":3,"column":0},"end":{"line":3,"column":46}},"2":{"start":{"line":6,"column":7},"end":{"line":78,"column":null}},"3":{"start":{"line":7,"column":47},"end":{"line":7,"column":70}},"4":{"start":{"line":7,"column":106},"end":{"line":7,"column":135}},"5":{"start":{"line":11,"column":31},"end":{"line":11,"column":122}},"6":{"start":{"line":13,"column":8},"end":{"line":62,"column":9}},"7":{"start":{"line":14,"column":29},"end":{"line":17,"column":14}},"8":{"start":{"line":19,"column":12},"end":{"line":22,"column":13}},"9":{"start":{"line":20,"column":16},"end":{"line":20,"column":46}},"10":{"start":{"line":21,"column":16},"end":{"line":21,"column":75}},"11":{"start":{"line":24,"column":31},"end":{"line":24,"column":32}},"12":{"start":{"line":25,"column":32},"end":{"line":25,"column":34}},"13":{"start":{"line":27,"column":41},"end":{"line":52,"column":13}},"14":{"start":{"line":28,"column":16},"end":{"line":42,"column":17}},"15":{"start":{"line":29,"column":35},"end":{"line":29,"column":150}},"16":{"start":{"line":30,"column":20},"end":{"line":39,"column":21}},"17":{"start":{"line":31,"column":24},"end":{"line":31,"column":54}},"18":{"start":{"line":32,"column":24},"end":{"line":32,"column":58}},"19":{"start":{"line":33,"column":24},"end":{"line":36,"column":27}},"20":{"start":{"line":37,"column":24},"end":{"line":37,"column":71}},"21":{"start":{"line":38,"column":24},"end":{"line":38,"column":36}},"22":{"start":{"line":44,"column":16},"end":{"line":44,"column":31}},"23":{"start":{"line":45,"column":16},"end":{"line":50,"column":17}},"24":{"start":{"line":46,"column":20},"end":{"line":46,"column":50}},"25":{"start":{"line":47,"column":20},"end":{"line":47,"column":54}},"26":{"start":{"line":48,"column":20},"end":{"line":48,"column":100}},"27":{"start":{"line":49,"column":20},"end":{"line":49,"column":32}},"28":{"start":{"line":51,"column":16},"end":{"line":51,"column":29}},"29":{"start":{"line":54,"column":39},"end":{"line":57,"column":20}},"30":{"start":{"line":55,"column":29},"end":{"line":55,"column":57}},"31":{"start":{"line":56,"column":16},"end":{"line":56,"column":60}},"32":{"start":{"line":56,"column":26},"end":{"line":56,"column":60}},"33":{"start":{"line":59,"column":12},"end":{"line":59,"column":42}},"34":{"start":{"line":60,"column":12},"end":{"line":60,"column":71}},"35":{"start":{"line":61,"column":12},"end":{"line":61,"column":20}},"36":{"start":{"line":66,"column":8},"end":{"line":66,"column":66}},"37":{"start":{"line":70,"column":23},"end":{"line":70,"column":76}},"38":{"start":{"line":71,"column":8},"end":{"line":71,"column":53}},"39":{"start":{"line":75,"column":22},"end":{"line":75,"column":91}},"40":{"start":{"line":76,"column":8},"end":{"line":76,"column":23}},"41":{"start":{"line":6,"column":13},"end":{"line":6,"column":30}},"42":{"start":{"line":6,"column":13},"end":{"line":78,"column":null}}},"fnMap":{"0":{"name":"(anonymous_4)","decl":{"start":{"line":7,"column":4},"end":{"line":7,"column":17}},"loc":{"start":{"line":7,"column":135},"end":{"line":8,"column":5}}},"1":{"name":"(anonymous_5)","decl":{"start":{"line":10,"column":4},"end":{"line":10,"column":9}},"loc":{"start":{"line":10,"column":29},"end":{"line":63,"column":5}}},"2":{"name":"(anonymous_6)","decl":{"start":{"line":27,"column":41},"end":{"line":27,"column":46}},"loc":{"start":{"line":27,"column":52},"end":{"line":52,"column":13}}},"3":{"name":"(anonymous_7)","decl":{"start":{"line":54,"column":51},"end":{"line":54,"column":56}},"loc":{"start":{"line":54,"column":62},"end":{"line":57,"column":13}}},"4":{"name":"(anonymous_8)","decl":{"start":{"line":65,"column":4},"end":{"line":65,"column":9}},"loc":{"start":{"line":65,"column":16},"end":{"line":67,"column":5}}},"5":{"name":"(anonymous_9)","decl":{"start":{"line":69,"column":4},"end":{"line":69,"column":9}},"loc":{"start":{"line":69,"column":16},"end":{"line":72,"column":5}}},"6":{"name":"(anonymous_10)","decl":{"start":{"line":74,"column":4},"end":{"line":74,"column":9}},"loc":{"start":{"line":74,"column":25},"end":{"line":77,"column":5}}}},"branchMap":{"0":{"loc":{"start":{"line":19,"column":12},"end":{"line":22,"column":13}},"type":"if","locations":[{"start":{"line":19,"column":12},"end":{"line":22,"column":13}}]},"1":{"loc":{"start":{"line":30,"column":20},"end":{"line":39,"column":21}},"type":"if","locations":[{"start":{"line":30,"column":20},"end":{"line":39,"column":21}}]},"2":{"loc":{"start":{"line":45,"column":16},"end":{"line":50,"column":17}},"type":"if","locations":[{"start":{"line":45,"column":16},"end":{"line":50,"column":17}}]},"3":{"loc":{"start":{"line":56,"column":16},"end":{"line":56,"column":60}},"type":"if","locations":[{"start":{"line":56,"column":16},"end":{"line":56,"column":60}}]}},"s":{"0":1,"1":1,"2":1,"3":1,"4":1,"5":0,"6":0,"7":0,"8":0,"9":0,"10":0,"11":0,"12":0,"13":0,"14":0,"15":0,"16":0,"17":0,"18":0,"19":0,"20":0,"21":0,"22":0,"23":0,"24":0,"25":0,"26":0,"27":0,"28":0,"29":0,"30":0,"31":0,"32":0,"33":0,"34":0,"35":0,"36":0,"37":0,"38":0,"39":0,"40":0,"41":1,"42":1},"f":{"0":1,"1":0,"2":0,"3":0,"4":0,"5":0,"6":0},"b":{"0":[0],"1":[0],"2":[0],"3":[0]}}
,"/Users/joeri/Documents/cli-web-cloner/src/services/vercel/index.ts": {"path":"/Users/joeri/Documents/cli-web-cloner/src/services/vercel/index.ts","statementMap":{"0":{"start":{"line":1,"column":0},"end":{"line":1,"column":31}},"1":{"start":{"line":2,"column":0},"end":{"line":2,"column":32}},"2":{"start":{"line":3,"column":0},"end":{"line":3,"column":31}},"3":{"start":{"line":4,"column":0},"end":{"line":4,"column":31}},"4":{"start":{"line":5,"column":0},"end":{"line":5,"column":36}},"5":{"start":{"line":6,"column":0},"end":{"line":6,"column":30}},"6":{"start":{"line":7,"column":0},"end":{"line":7,"column":30}}},"fnMap":{},"branchMap":{},"s":{"0":1,"1":1,"2":1,"3":1,"4":1,"5":1,"6":1},"f":{},"b":{}}
,"/Users/joeri/Documents/cli-web-cloner/src/utility/appendGlobalOptions.ts": {"path":"/Users/joeri/Documents/cli-web-cloner/src/utility/appendGlobalOptions.ts","statementMap":{"0":{"start":{"line":4,"column":4},"end":{"line":4,"column":38}},"1":{"start":{"line":4,"column":18},"end":{"line":4,"column":38}},"2":{"start":{"line":6,"column":4},"end":{"line":6,"column":63}},"3":{"start":{"line":6,"column":21},"end":{"line":6,"column":63}},"4":{"start":{"line":7,"column":4},"end":{"line":7,"column":52}},"5":{"start":{"line":7,"column":23},"end":{"line":7,"column":52}},"6":{"start":{"line":8,"column":4},"end":{"line":8,"column":91}},"7":{"start":{"line":8,"column":30},"end":{"line":8,"column":91}},"8":{"start":{"line":9,"column":4},"end":{"line":9,"column":50}},"9":{"start":{"line":9,"column":22},"end":{"line":9,"column":50}},"10":{"start":{"line":10,"column":4},"end":{"line":10,"column":88}},"11":{"start":{"line":10,"column":29},"end":{"line":10,"column":88}},"12":{"start":{"line":11,"column":4},"end":{"line":11,"column":57}},"13":{"start":{"line":11,"column":25},"end":{"line":11,"column":57}},"14":{"start":{"line":12,"column":4},"end":{"line":12,"column":69}},"15":{"start":{"line":12,"column":23},"end":{"line":12,"column":69}},"16":{"start":{"line":13,"column":4},"end":{"line":13,"column":69}},"17":{"start":{"line":13,"column":23},"end":{"line":13,"column":69}},"18":{"start":{"line":15,"column":4},"end":{"line":15,"column":24}},"19":{"start":{"line":18,"column":8},"end":{"line":18,"column":27}}},"fnMap":{"0":{"name":"appendGlobalOptions","decl":{"start":{"line":3,"column":9},"end":{"line":3,"column":28}},"loc":{"start":{"line":3,"column":77},"end":{"line":16,"column":1}}}},"branchMap":{"0":{"loc":{"start":{"line":4,"column":4},"end":{"line":4,"column":38}},"type":"if","locations":[{"start":{"line":4,"column":4},"end":{"line":4,"column":38}}]},"1":{"loc":{"start":{"line":6,"column":4},"end":{"line":6,"column":63}},"type":"if","locations":[{"start":{"line":6,"column":4},"end":{"line":6,"column":63}}]},"2":{"loc":{"start":{"line":7,"column":4},"end":{"line":7,"column":52}},"type":"if","locations":[{"start":{"line":7,"column":4},"end":{"line":7,"column":52}}]},"3":{"loc":{"start":{"line":8,"column":4},"end":{"line":8,"column":91}},"type":"if","locations":[{"start":{"line":8,"column":4},"end":{"line":8,"column":91}}]},"4":{"loc":{"start":{"line":9,"column":4},"end":{"line":9,"column":50}},"type":"if","locations":[{"start":{"line":9,"column":4},"end":{"line":9,"column":50}}]},"5":{"loc":{"start":{"line":10,"column":4},"end":{"line":10,"column":88}},"type":"if","locations":[{"start":{"line":10,"column":4},"end":{"line":10,"column":88}}]},"6":{"loc":{"start":{"line":11,"column":4},"end":{"line":11,"column":57}},"type":"if","locations":[{"start":{"line":11,"column":4},"end":{"line":11,"column":57}}]},"7":{"loc":{"start":{"line":12,"column":4},"end":{"line":12,"column":69}},"type":"if","locations":[{"start":{"line":12,"column":4},"end":{"line":12,"column":69}}]},"8":{"loc":{"start":{"line":13,"column":4},"end":{"line":13,"column":69}},"type":"if","locations":[{"start":{"line":13,"column":4},"end":{"line":13,"column":69}}]}},"s":{"0":8,"1":2,"2":6,"3":0,"4":6,"5":1,"6":6,"7":0,"8":6,"9":0,"10":6,"11":0,"12":6,"13":0,"14":6,"15":0,"16":6,"17":2,"18":6,"19":1},"f":{"0":8},"b":{"0":[2],"1":[0],"2":[1],"3":[0],"4":[0],"5":[0],"6":[0],"7":[0],"8":[2]}}
,"/Users/joeri/Documents/cli-web-cloner/src/utility/getRootDir.ts": {"path":"/Users/joeri/Documents/cli-web-cloner/src/utility/getRootDir.ts","statementMap":{"0":{"start":{"line":1,"column":0},"end":{"line":1,"column":25}},"1":{"start":{"line":2,"column":0},"end":{"line":2,"column":29}},"2":{"start":{"line":5,"column":21},"end":{"line":5,"column":30}},"3":{"start":{"line":6,"column":4},"end":{"line":8,"column":5}},"4":{"start":{"line":7,"column":8},"end":{"line":7,"column":null}},"5":{"start":{"line":9,"column":4},"end":{"line":9,"column":null}},"6":{"start":{"line":4,"column":0},"end":{"line":4,"column":16}}},"fnMap":{"0":{"name":"getRootDir","decl":{"start":{"line":4,"column":16},"end":{"line":4,"column":26}},"loc":{"start":{"line":4,"column":26},"end":{"line":10,"column":1}}}},"branchMap":{},"s":{"0":1,"1":1,"2":8,"3":8,"4":16,"5":8,"6":1},"f":{"0":8},"b":{}}
,"/Users/joeri/Documents/cli-web-cloner/src/utility/index.ts": {"path":"/Users/joeri/Documents/cli-web-cloner/src/utility/index.ts","statementMap":{"0":{"start":{"line":1,"column":0},"end":{"line":1,"column":38}},"1":{"start":{"line":2,"column":0},"end":{"line":2,"column":25}},"2":{"start":{"line":3,"column":0},"end":{"line":3,"column":29}}},"fnMap":{},"branchMap":{},"s":{"0":1,"1":1,"2":1},"f":{},"b":{}}
,"/Users/joeri/Documents/cli-web-cloner/src/utility/loader/clearDotLoader.ts": {"path":"/Users/joeri/Documents/cli-web-cloner/src/utility/loader/clearDotLoader.ts","statementMap":{"0":{"start":{"line":2,"column":4},"end":{"line":2,"column":28}},"1":{"start":{"line":3,"column":4},"end":{"line":3,"column":48}},"2":{"start":{"line":1,"column":0},"end":{"line":1,"column":16}}},"fnMap":{"0":{"name":"clearDotLoader","decl":{"start":{"line":1,"column":16},"end":{"line":1,"column":30}},"loc":{"start":{"line":1,"column":77},"end":{"line":4,"column":1}}}},"branchMap":{},"s":{"0":0,"1":0,"2":1},"f":{"0":0},"b":{}}
,"/Users/joeri/Documents/cli-web-cloner/src/utility/loader/createDotLoader.ts": {"path":"/Users/joeri/Documents/cli-web-cloner/src/utility/loader/createDotLoader.ts","statementMap":{"0":{"start":{"line":2,"column":21},"end":{"line":2,"column":22}},"1":{"start":{"line":3,"column":19},"end":{"line":3,"column":59}},"2":{"start":{"line":5,"column":4},"end":{"line":8,"column":12}},"3":{"start":{"line":6,"column":8},"end":{"line":6,"column":67}},"4":{"start":{"line":7,"column":8},"end":{"line":7,"column":54}},"5":{"start":{"line":1,"column":0},"end":{"line":1,"column":16}}},"fnMap":{"0":{"name":"createDotLoader","decl":{"start":{"line":1,"column":16},"end":{"line":1,"column":31}},"loc":{"start":{"line":1,"column":47},"end":{"line":9,"column":1}}},"1":{"name":"(anonymous_1)","decl":{"start":{"line":5,"column":23},"end":{"line":5,"column":26}},"loc":{"start":{"line":5,"column":28},"end":{"line":8,"column":5}}}},"branchMap":{},"s":{"0":0,"1":0,"2":0,"3":0,"4":0,"5":1},"f":{"0":0,"1":0},"b":{}}
,"/Users/joeri/Documents/cli-web-cloner/src/utility/loader/index.ts": {"path":"/Users/joeri/Documents/cli-web-cloner/src/utility/loader/index.ts","statementMap":{"0":{"start":{"line":1,"column":0},"end":{"line":1,"column":34}},"1":{"start":{"line":2,"column":0},"end":{"line":2,"column":33}}},"fnMap":{},"branchMap":{},"s":{"0":1,"1":1},"f":{},"b":{}}
}
