{"/Users/joeri/Documents/cli-web-cloner/src/container.ts": {"path":"/Users/joeri/Documents/cli-web-cloner/src/container.ts","statementMap":{"0":{"start":{"line":1,"column":0},"end":{"line":1,"column":26}},"1":{"start":{"line":2,"column":0},"end":{"line":2,"column":35}},"2":{"start":{"line":13,"column":0},"end":{"line":13,"column":null}},"3":{"start":{"line":24,"column":0},"end":{"line":24,"column":80}},"4":{"start":{"line":25,"column":0},"end":{"line":25,"column":86}},"5":{"start":{"line":26,"column":0},"end":{"line":26,"column":80}},"6":{"start":{"line":27,"column":0},"end":{"line":27,"column":76}},"7":{"start":{"line":28,"column":0},"end":{"line":28,"column":68}},"8":{"start":{"line":31,"column":0},"end":{"line":31,"column":65}},"9":{"start":{"line":32,"column":0},"end":{"line":32,"column":68}},"10":{"start":{"line":33,"column":0},"end":{"line":33,"column":65}}},"fnMap":{},"branchMap":{},"s":{"0":1,"1":1,"2":1,"3":1,"4":1,"5":1,"6":1,"7":1,"8":1,"9":1,"10":1},"f":{},"b":{}}
,"/Users/joeri/Documents/cli-web-cloner/src/services/AxiosHttpClient.ts": {"path":"/Users/joeri/Documents/cli-web-cloner/src/services/AxiosHttpClient.ts","statementMap":{"0":{"start":{"line":1,"column":0},"end":{"line":1,"column":36}},"1":{"start":{"line":4,"column":0},"end":{"line":4,"column":26}},"2":{"start":{"line":7,"column":0},"end":{"line":12,"column":null}},"3":{"start":{"line":9,"column":25},"end":{"line":9,"column":45}},"4":{"start":{"line":10,"column":8},"end":{"line":10,"column":29}},"5":{"start":{"line":14,"column":8},"end":{"line":14,"column":23}},"6":{"start":{"line":7,"column":6},"end":{"line":12,"column":null}}},"fnMap":{"0":{"name":"(anonymous_9)","decl":{"start":{"line":8,"column":10},"end":{"line":8,"column":13}},"loc":{"start":{"line":8,"column":25},"end":{"line":11,"column":null}}}},"branchMap":{},"s":{"0":1,"1":1,"2":1,"3":0,"4":0,"5":1,"6":1},"f":{"0":0},"b":{}}
,"/Users/joeri/Documents/cli-web-cloner/src/services/DomainManager.ts": {"path":"/Users/joeri/Documents/cli-web-cloner/src/services/DomainManager.ts","statementMap":{"0":{"start":{"line":1,"column":0},"end":{"line":1,"column":36}},"1":{"start":{"line":2,"column":0},"end":{"line":2,"column":35}},"2":{"start":{"line":6,"column":0},"end":{"line":16,"column":null}},"3":{"start":{"line":8,"column":8},"end":{"line":14,"column":11}},"4":{"start":{"line":9,"column":12},"end":{"line":12,"column":13}},"5":{"start":{"line":10,"column":16},"end":{"line":10,"column":71}},"6":{"start":{"line":11,"column":16},"end":{"line":11,"column":23}},"7":{"start":{"line":13,"column":12},"end":{"line":13,"column":74}},"8":{"start":{"line":18,"column":8},"end":{"line":18,"column":21}},"9":{"start":{"line":6,"column":6},"end":{"line":16,"column":null}}},"fnMap":{"0":{"name":"(anonymous_1)","decl":{"start":{"line":7,"column":4},"end":{"line":7,"column":13}},"loc":{"start":{"line":7,"column":47},"end":{"line":15,"column":5}}},"1":{"name":"(anonymous_2)","decl":{"start":{"line":8,"column":68},"end":{"line":8,"column":69}},"loc":{"start":{"line":8,"column":94},"end":{"line":14,"column":9}}}},"branchMap":{"0":{"loc":{"start":{"line":9,"column":12},"end":{"line":12,"column":13}},"type":"if","locations":[{"start":{"line":9,"column":12},"end":{"line":12,"column":13}}]}},"s":{"0":1,"1":1,"2":1,"3":0,"4":0,"5":0,"6":0,"7":0,"8":1,"9":1},"f":{"0":0,"1":0},"b":{"0":[0]}}
,"/Users/joeri/Documents/cli-web-cloner/src/services/VercelService.ts": {"path":"/Users/joeri/Documents/cli-web-cloner/src/services/VercelService.ts","statementMap":{"0":{"start":{"line":2,"column":0},"end":{"line":2,"column":44}},"1":{"start":{"line":4,"column":0},"end":{"line":12,"column":null}},"2":{"start":{"line":7,"column":40},"end":{"line":7,"column":60}},"3":{"start":{"line":8,"column":41},"end":{"line":8,"column":63}},"4":{"start":{"line":9,"column":40},"end":{"line":9,"column":60}},"5":{"start":{"line":14,"column":8},"end":{"line":14,"column":21}},"6":{"start":{"line":5,"column":6},"end":{"line":12,"column":null}}},"fnMap":{"0":{"name":"(anonymous_4)","decl":{"start":{"line":6,"column":4},"end":{"line":6,"column":null}},"loc":{"start":{"line":9,"column":60},"end":{"line":11,"column":5}}}},"branchMap":{},"s":{"0":1,"1":1,"2":1,"3":1,"4":1,"5":1,"6":1},"f":{"0":1},"b":{}}
,"/Users/joeri/Documents/cli-web-cloner/src/services/WebsiteCloner.ts": {"path":"/Users/joeri/Documents/cli-web-cloner/src/services/WebsiteCloner.ts","statementMap":{"0":{"start":{"line":1,"column":0},"end":{"line":1,"column":44}},"1":{"start":{"line":2,"column":0},"end":{"line":2,"column":20}},"2":{"start":{"line":3,"column":0},"end":{"line":3,"column":24}},"3":{"start":{"line":6,"column":0},"end":{"line":23,"column":null}},"4":{"start":{"line":8,"column":47},"end":{"line":8,"column":70}},"5":{"start":{"line":12,"column":8},"end":{"line":21,"column":9}},"6":{"start":{"line":13,"column":29},"end":{"line":13,"column":65}},"7":{"start":{"line":14,"column":12},"end":{"line":16,"column":13}},"8":{"start":{"line":15,"column":16},"end":{"line":15,"column":38}},"9":{"start":{"line":17,"column":12},"end":{"line":17,"column":78}},"10":{"start":{"line":18,"column":12},"end":{"line":18,"column":56}},"11":{"start":{"line":20,"column":12},"end":{"line":20,"column":69}},"12":{"start":{"line":25,"column":8},"end":{"line":25,"column":21}},"13":{"start":{"line":7,"column":6},"end":{"line":23,"column":null}}},"fnMap":{"0":{"name":"(anonymous_12)","decl":{"start":{"line":8,"column":4},"end":{"line":8,"column":17}},"loc":{"start":{"line":8,"column":70},"end":{"line":9,"column":5}}},"1":{"name":"(anonymous_13)","decl":{"start":{"line":11,"column":10},"end":{"line":11,"column":15}},"loc":{"start":{"line":11,"column":50},"end":{"line":22,"column":null}}}},"branchMap":{"0":{"loc":{"start":{"line":14,"column":12},"end":{"line":16,"column":13}},"type":"if","locations":[{"start":{"line":14,"column":12},"end":{"line":16,"column":13}}]}},"s":{"0":1,"1":1,"2":1,"3":1,"4":0,"5":0,"6":0,"7":0,"8":0,"9":0,"10":0,"11":0,"12":1,"13":1},"f":{"0":0,"1":0},"b":{"0":[0]}}
,"/Users/joeri/Documents/cli-web-cloner/src/services/WebsiteDeployer.ts": {"path":"/Users/joeri/Documents/cli-web-cloner/src/services/WebsiteDeployer.ts","statementMap":{"0":{"start":{"line":1,"column":0},"end":{"line":1,"column":36}},"1":{"start":{"line":2,"column":0},"end":{"line":2,"column":35}},"2":{"start":{"line":6,"column":0},"end":{"line":16,"column":null}},"3":{"start":{"line":8,"column":8},"end":{"line":14,"column":11}},"4":{"start":{"line":9,"column":12},"end":{"line":12,"column":13}},"5":{"start":{"line":10,"column":16},"end":{"line":10,"column":75}},"6":{"start":{"line":11,"column":16},"end":{"line":11,"column":23}},"7":{"start":{"line":13,"column":12},"end":{"line":13,"column":60}},"8":{"start":{"line":18,"column":8},"end":{"line":18,"column":23}},"9":{"start":{"line":6,"column":6},"end":{"line":16,"column":null}}},"fnMap":{"0":{"name":"(anonymous_1)","decl":{"start":{"line":7,"column":4},"end":{"line":7,"column":10}},"loc":{"start":{"line":7,"column":28},"end":{"line":15,"column":5}}},"1":{"name":"(anonymous_2)","decl":{"start":{"line":8,"column":43},"end":{"line":8,"column":44}},"loc":{"start":{"line":8,"column":69},"end":{"line":14,"column":9}}}},"branchMap":{"0":{"loc":{"start":{"line":9,"column":12},"end":{"line":12,"column":13}},"type":"if","locations":[{"start":{"line":9,"column":12},"end":{"line":12,"column":13}}]}},"s":{"0":1,"1":1,"2":1,"3":0,"4":0,"5":0,"6":0,"7":0,"8":1,"9":1},"f":{"0":0,"1":0},"b":{"0":[0]}}
,"/Users/joeri/Documents/cli-web-cloner/src/services/index.ts": {"path":"/Users/joeri/Documents/cli-web-cloner/src/services/index.ts","statementMap":{"0":{"start":{"line":1,"column":0},"end":{"line":1,"column":32}},"1":{"start":{"line":2,"column":0},"end":{"line":2,"column":34}},"2":{"start":{"line":3,"column":0},"end":{"line":3,"column":32}},"3":{"start":{"line":4,"column":0},"end":{"line":4,"column":34}},"4":{"start":{"line":5,"column":0},"end":{"line":5,"column":32}},"5":{"start":{"line":6,"column":0},"end":{"line":6,"column":26}}},"fnMap":{},"branchMap":{},"s":{"0":1,"1":1,"2":1,"3":1,"4":1,"5":1},"f":{},"b":{}}
,"/Users/joeri/Documents/cli-web-cloner/src/services/vercel/AliasService.ts": {"path":"/Users/joeri/Documents/cli-web-cloner/src/services/vercel/AliasService.ts","statementMap":{"0":{"start":{"line":1,"column":0},"end":{"line":1,"column":50}},"1":{"start":{"line":2,"column":0},"end":{"line":2,"column":36}},"2":{"start":{"line":4,"column":0},"end":{"line":4,"column":35}},"3":{"start":{"line":7,"column":0},"end":{"line":52,"column":null}},"4":{"start":{"line":9,"column":29},"end":{"line":9,"column":78}},"5":{"start":{"line":10,"column":8},"end":{"line":10,"column":51}},"6":{"start":{"line":11,"column":24},"end":{"line":11,"column":46}},"7":{"start":{"line":13,"column":8},"end":{"line":20,"column":11}},"8":{"start":{"line":14,"column":12},"end":{"line":17,"column":13}},"9":{"start":{"line":15,"column":16},"end":{"line":15,"column":54}},"10":{"start":{"line":16,"column":16},"end":{"line":16,"column":23}},"11":{"start":{"line":18,"column":12},"end":{"line":18,"column":45}},"12":{"start":{"line":19,"column":12},"end":{"line":19,"column":47}},"13":{"start":{"line":24,"column":29},"end":{"line":24,"column":64}},"14":{"start":{"line":25,"column":8},"end":{"line":25,"column":51}},"15":{"start":{"line":26,"column":24},"end":{"line":26,"column":46}},"16":{"start":{"line":28,"column":8},"end":{"line":35,"column":11}},"17":{"start":{"line":29,"column":12},"end":{"line":32,"column":13}},"18":{"start":{"line":30,"column":16},"end":{"line":30,"column":54}},"19":{"start":{"line":31,"column":16},"end":{"line":31,"column":23}},"20":{"start":{"line":33,"column":12},"end":{"line":33,"column":45}},"21":{"start":{"line":34,"column":12},"end":{"line":34,"column":47}},"22":{"start":{"line":39,"column":29},"end":{"line":39,"column":48}},"23":{"start":{"line":40,"column":8},"end":{"line":40,"column":51}},"24":{"start":{"line":41,"column":24},"end":{"line":41,"column":46}},"25":{"start":{"line":43,"column":8},"end":{"line":50,"column":11}},"26":{"start":{"line":44,"column":12},"end":{"line":47,"column":13}},"27":{"start":{"line":45,"column":16},"end":{"line":45,"column":54}},"28":{"start":{"line":46,"column":16},"end":{"line":46,"column":23}},"29":{"start":{"line":48,"column":12},"end":{"line":48,"column":45}},"30":{"start":{"line":49,"column":12},"end":{"line":49,"column":47}},"31":{"start":{"line":54,"column":8},"end":{"line":54,"column":20}},"32":{"start":{"line":7,"column":6},"end":{"line":52,"column":null}}},"fnMap":{"0":{"name":"(anonymous_8)","decl":{"start":{"line":8,"column":10},"end":{"line":8,"column":13}},"loc":{"start":{"line":8,"column":83},"end":{"line":21,"column":null}}},"1":{"name":"(anonymous_10)","decl":{"start":{"line":13,"column":22},"end":{"line":13,"column":23}},"loc":{"start":{"line":13,"column":48},"end":{"line":20,"column":9}}},"2":{"name":"(anonymous_11)","decl":{"start":{"line":23,"column":10},"end":{"line":23,"column":16}},"loc":{"start":{"line":23,"column":68},"end":{"line":36,"column":null}}},"3":{"name":"(anonymous_13)","decl":{"start":{"line":28,"column":22},"end":{"line":28,"column":23}},"loc":{"start":{"line":28,"column":48},"end":{"line":35,"column":9}}},"4":{"name":"(anonymous_14)","decl":{"start":{"line":38,"column":10},"end":{"line":38,"column":14}},"loc":{"start":{"line":38,"column":42},"end":{"line":51,"column":null}}},"5":{"name":"(anonymous_16)","decl":{"start":{"line":43,"column":22},"end":{"line":43,"column":23}},"loc":{"start":{"line":43,"column":48},"end":{"line":50,"column":9}}}},"branchMap":{"0":{"loc":{"start":{"line":14,"column":12},"end":{"line":17,"column":13}},"type":"if","locations":[{"start":{"line":14,"column":12},"end":{"line":17,"column":13}}]},"1":{"loc":{"start":{"line":29,"column":12},"end":{"line":32,"column":13}},"type":"if","locations":[{"start":{"line":29,"column":12},"end":{"line":32,"column":13}}]},"2":{"loc":{"start":{"line":44,"column":12},"end":{"line":47,"column":13}},"type":"if","locations":[{"start":{"line":44,"column":12},"end":{"line":47,"column":13}}]}},"s":{"0":1,"1":1,"2":1,"3":1,"4":1,"5":1,"6":1,"7":1,"8":1,"9":0,"10":0,"11":1,"12":1,"13":1,"14":1,"15":1,"16":1,"17":1,"18":0,"19":0,"20":1,"21":1,"22":1,"23":1,"24":1,"25":1,"26":1,"27":0,"28":0,"29":1,"30":1,"31":1,"32":1},"f":{"0":1,"1":1,"2":1,"3":1,"4":1,"5":1},"b":{"0":[0],"1":[0],"2":[0]}}
,"/Users/joeri/Documents/cli-web-cloner/src/services/vercel/BisectService.ts": {"path":"/Users/joeri/Documents/cli-web-cloner/src/services/vercel/BisectService.ts","statementMap":{"0":{"start":{"line":2,"column":0},"end":{"line":2,"column":36}},"1":{"start":{"line":3,"column":0},"end":{"line":3,"column":35}},"2":{"start":{"line":4,"column":0},"end":{"line":4,"column":50}},"3":{"start":{"line":7,"column":0},"end":{"line":41,"column":null}},"4":{"start":{"line":9,"column":8},"end":{"line":39,"column":11}},"5":{"start":{"line":10,"column":33},"end":{"line":10,"column":50}},"6":{"start":{"line":12,"column":12},"end":{"line":12,"column":75}},"7":{"start":{"line":12,"column":31},"end":{"line":12,"column":75}},"8":{"start":{"line":13,"column":12},"end":{"line":13,"column":72}},"9":{"start":{"line":13,"column":30},"end":{"line":13,"column":72}},"10":{"start":{"line":14,"column":12},"end":{"line":14,"column":75}},"11":{"start":{"line":14,"column":31},"end":{"line":14,"column":75}},"12":{"start":{"line":15,"column":12},"end":{"line":15,"column":59}},"13":{"start":{"line":15,"column":31},"end":{"line":15,"column":59}},"14":{"start":{"line":16,"column":12},"end":{"line":16,"column":72}},"15":{"start":{"line":16,"column":30},"end":{"line":16,"column":72}},"16":{"start":{"line":19,"column":12},"end":{"line":19,"column":55}},"17":{"start":{"line":21,"column":28},"end":{"line":21,"column":50}},"18":{"start":{"line":23,"column":12},"end":{"line":23,"column":57}},"19":{"start":{"line":25,"column":12},"end":{"line":38,"column":15}},"20":{"start":{"line":26,"column":16},"end":{"line":30,"column":17}},"21":{"start":{"line":27,"column":20},"end":{"line":27,"column":71}},"22":{"start":{"line":28,"column":20},"end":{"line":28,"column":34}},"23":{"start":{"line":29,"column":20},"end":{"line":29,"column":27}},"24":{"start":{"line":32,"column":16},"end":{"line":34,"column":17}},"25":{"start":{"line":33,"column":20},"end":{"line":33,"column":55}},"26":{"start":{"line":36,"column":16},"end":{"line":36,"column":49}},"27":{"start":{"line":37,"column":16},"end":{"line":37,"column":26}},"28":{"start":{"line":43,"column":8},"end":{"line":43,"column":21}},"29":{"start":{"line":7,"column":6},"end":{"line":41,"column":null}}},"fnMap":{"0":{"name":"(anonymous_8)","decl":{"start":{"line":8,"column":10},"end":{"line":8,"column":16}},"loc":{"start":{"line":8,"column":41},"end":{"line":40,"column":null}}},"1":{"name":"(anonymous_10)","decl":{"start":{"line":9,"column":27},"end":{"line":9,"column":28}},"loc":{"start":{"line":9,"column":47},"end":{"line":39,"column":9}}},"2":{"name":"(anonymous_11)","decl":{"start":{"line":25,"column":26},"end":{"line":25,"column":27}},"loc":{"start":{"line":25,"column":52},"end":{"line":38,"column":13}}}},"branchMap":{"0":{"loc":{"start":{"line":12,"column":12},"end":{"line":12,"column":75}},"type":"if","locations":[{"start":{"line":12,"column":12},"end":{"line":12,"column":75}}]},"1":{"loc":{"start":{"line":12,"column":16},"end":{"line":12,"column":29}},"type":"cond-expr","locations":[{"start":{"line":12,"column":23},"end":{"line":12,"column":25}},{"start":{"line":12,"column":16},"end":{"line":12,"column":29}}]},"2":{"loc":{"start":{"line":12,"column":16},"end":{"line":12,"column":25}},"type":"binary-expr","locations":[{"start":{"line":12,"column":16},"end":{"line":12,"column":25}},{"start":{"line":12,"column":16},"end":{"line":12,"column":25}}]},"3":{"loc":{"start":{"line":13,"column":12},"end":{"line":13,"column":72}},"type":"if","locations":[{"start":{"line":13,"column":12},"end":{"line":13,"column":72}}]},"4":{"loc":{"start":{"line":13,"column":16},"end":{"line":13,"column":28}},"type":"cond-expr","locations":[{"start":{"line":13,"column":23},"end":{"line":13,"column":25}},{"start":{"line":13,"column":16},"end":{"line":13,"column":28}}]},"5":{"loc":{"start":{"line":13,"column":16},"end":{"line":13,"column":25}},"type":"binary-expr","locations":[{"start":{"line":13,"column":16},"end":{"line":13,"column":25}},{"start":{"line":13,"column":16},"end":{"line":13,"column":25}}]},"6":{"loc":{"start":{"line":14,"column":12},"end":{"line":14,"column":75}},"type":"if","locations":[{"start":{"line":14,"column":12},"end":{"line":14,"column":75}}]},"7":{"loc":{"start":{"line":14,"column":16},"end":{"line":14,"column":29}},"type":"cond-expr","locations":[{"start":{"line":14,"column":23},"end":{"line":14,"column":25}},{"start":{"line":14,"column":16},"end":{"line":14,"column":29}}]},"8":{"loc":{"start":{"line":14,"column":16},"end":{"line":14,"column":25}},"type":"binary-expr","locations":[{"start":{"line":14,"column":16},"end":{"line":14,"column":25}},{"start":{"line":14,"column":16},"end":{"line":14,"column":25}}]},"9":{"loc":{"start":{"line":15,"column":12},"end":{"line":15,"column":59}},"type":"if","locations":[{"start":{"line":15,"column":12},"end":{"line":15,"column":59}}]},"10":{"loc":{"start":{"line":15,"column":16},"end":{"line":15,"column":29}},"type":"cond-expr","locations":[{"start":{"line":15,"column":23},"end":{"line":15,"column":25}},{"start":{"line":15,"column":16},"end":{"line":15,"column":29}}]},"11":{"loc":{"start":{"line":15,"column":16},"end":{"line":15,"column":25}},"type":"binary-expr","locations":[{"start":{"line":15,"column":16},"end":{"line":15,"column":25}},{"start":{"line":15,"column":16},"end":{"line":15,"column":25}}]},"12":{"loc":{"start":{"line":16,"column":12},"end":{"line":16,"column":72}},"type":"if","locations":[{"start":{"line":16,"column":12},"end":{"line":16,"column":72}}]},"13":{"loc":{"start":{"line":16,"column":16},"end":{"line":16,"column":28}},"type":"cond-expr","locations":[{"start":{"line":16,"column":23},"end":{"line":16,"column":25}},{"start":{"line":16,"column":16},"end":{"line":16,"column":28}}]},"14":{"loc":{"start":{"line":16,"column":16},"end":{"line":16,"column":25}},"type":"binary-expr","locations":[{"start":{"line":16,"column":16},"end":{"line":16,"column":25}},{"start":{"line":16,"column":16},"end":{"line":16,"column":25}}]},"15":{"loc":{"start":{"line":26,"column":16},"end":{"line":30,"column":17}},"type":"if","locations":[{"start":{"line":26,"column":16},"end":{"line":30,"column":17}}]},"16":{"loc":{"start":{"line":32,"column":16},"end":{"line":34,"column":17}},"type":"if","locations":[{"start":{"line":32,"column":16},"end":{"line":34,"column":17}}]}},"s":{"0":1,"1":1,"2":1,"3":1,"4":1,"5":1,"6":1,"7":1,"8":1,"9":1,"10":1,"11":1,"12":1,"13":1,"14":1,"15":1,"16":1,"17":1,"18":1,"19":1,"20":1,"21":0,"22":0,"23":0,"24":1,"25":1,"26":1,"27":1,"28":1,"29":1},"f":{"0":1,"1":1,"2":1},"b":{"0":[1],"1":[0,1],"2":[1,1],"3":[1],"4":[0,1],"5":[1,1],"6":[1],"7":[0,1],"8":[1,1],"9":[1],"10":[0,1],"11":[1,1],"12":[1],"13":[0,1],"14":[1,1],"15":[0],"16":[1]}}
,"/Users/joeri/Documents/cli-web-cloner/src/services/vercel/BuildService.ts": {"path":"/Users/joeri/Documents/cli-web-cloner/src/services/vercel/BuildService.ts","statementMap":{"0":{"start":{"line":2,"column":0},"end":{"line":2,"column":36}},"1":{"start":{"line":3,"column":0},"end":{"line":3,"column":35}},"2":{"start":{"line":4,"column":0},"end":{"line":4,"column":50}},"3":{"start":{"line":8,"column":0},"end":{"line":38,"column":null}},"4":{"start":{"line":10,"column":8},"end":{"line":36,"column":11}},"5":{"start":{"line":11,"column":33},"end":{"line":11,"column":49}},"6":{"start":{"line":13,"column":12},"end":{"line":13,"column":59}},"7":{"start":{"line":13,"column":31},"end":{"line":13,"column":59}},"8":{"start":{"line":14,"column":12},"end":{"line":14,"column":57}},"9":{"start":{"line":14,"column":30},"end":{"line":14,"column":57}},"10":{"start":{"line":16,"column":12},"end":{"line":16,"column":55}},"11":{"start":{"line":18,"column":28},"end":{"line":18,"column":50}},"12":{"start":{"line":20,"column":12},"end":{"line":20,"column":57}},"13":{"start":{"line":22,"column":12},"end":{"line":35,"column":15}},"14":{"start":{"line":23,"column":16},"end":{"line":27,"column":17}},"15":{"start":{"line":24,"column":20},"end":{"line":24,"column":71}},"16":{"start":{"line":25,"column":20},"end":{"line":25,"column":34}},"17":{"start":{"line":26,"column":20},"end":{"line":26,"column":27}},"18":{"start":{"line":29,"column":16},"end":{"line":31,"column":17}},"19":{"start":{"line":30,"column":20},"end":{"line":30,"column":55}},"20":{"start":{"line":33,"column":16},"end":{"line":33,"column":49}},"21":{"start":{"line":34,"column":16},"end":{"line":34,"column":26}},"22":{"start":{"line":40,"column":8},"end":{"line":40,"column":20}},"23":{"start":{"line":8,"column":6},"end":{"line":38,"column":null}}},"fnMap":{"0":{"name":"(anonymous_8)","decl":{"start":{"line":9,"column":10},"end":{"line":9,"column":15}},"loc":{"start":{"line":9,"column":39},"end":{"line":37,"column":null}}},"1":{"name":"(anonymous_10)","decl":{"start":{"line":10,"column":27},"end":{"line":10,"column":28}},"loc":{"start":{"line":10,"column":47},"end":{"line":36,"column":9}}},"2":{"name":"(anonymous_11)","decl":{"start":{"line":22,"column":26},"end":{"line":22,"column":27}},"loc":{"start":{"line":22,"column":52},"end":{"line":35,"column":13}}}},"branchMap":{"0":{"loc":{"start":{"line":13,"column":12},"end":{"line":13,"column":59}},"type":"if","locations":[{"start":{"line":13,"column":12},"end":{"line":13,"column":59}}]},"1":{"loc":{"start":{"line":13,"column":16},"end":{"line":13,"column":29}},"type":"cond-expr","locations":[{"start":{"line":13,"column":23},"end":{"line":13,"column":25}},{"start":{"line":13,"column":16},"end":{"line":13,"column":29}}]},"2":{"loc":{"start":{"line":13,"column":16},"end":{"line":13,"column":25}},"type":"binary-expr","locations":[{"start":{"line":13,"column":16},"end":{"line":13,"column":25}},{"start":{"line":13,"column":16},"end":{"line":13,"column":25}}]},"3":{"loc":{"start":{"line":14,"column":12},"end":{"line":14,"column":57}},"type":"if","locations":[{"start":{"line":14,"column":12},"end":{"line":14,"column":57}}]},"4":{"loc":{"start":{"line":14,"column":16},"end":{"line":14,"column":28}},"type":"cond-expr","locations":[{"start":{"line":14,"column":23},"end":{"line":14,"column":25}},{"start":{"line":14,"column":16},"end":{"line":14,"column":28}}]},"5":{"loc":{"start":{"line":14,"column":16},"end":{"line":14,"column":25}},"type":"binary-expr","locations":[{"start":{"line":14,"column":16},"end":{"line":14,"column":25}},{"start":{"line":14,"column":16},"end":{"line":14,"column":25}}]},"6":{"loc":{"start":{"line":23,"column":16},"end":{"line":27,"column":17}},"type":"if","locations":[{"start":{"line":23,"column":16},"end":{"line":27,"column":17}}]},"7":{"loc":{"start":{"line":29,"column":16},"end":{"line":31,"column":17}},"type":"if","locations":[{"start":{"line":29,"column":16},"end":{"line":31,"column":17}}]}},"s":{"0":1,"1":1,"2":1,"3":1,"4":1,"5":1,"6":1,"7":1,"8":1,"9":1,"10":1,"11":1,"12":1,"13":1,"14":1,"15":0,"16":0,"17":0,"18":1,"19":1,"20":1,"21":1,"22":1,"23":1},"f":{"0":1,"1":1,"2":1},"b":{"0":[1],"1":[0,1],"2":[1,1],"3":[1],"4":[0,1],"5":[1,1],"6":[0],"7":[1]}}
,"/Users/joeri/Documents/cli-web-cloner/src/services/vercel/index.ts": {"path":"/Users/joeri/Documents/cli-web-cloner/src/services/vercel/index.ts","statementMap":{"0":{"start":{"line":1,"column":0},"end":{"line":1,"column":31}},"1":{"start":{"line":2,"column":0},"end":{"line":2,"column":32}},"2":{"start":{"line":3,"column":0},"end":{"line":3,"column":31}}},"fnMap":{},"branchMap":{},"s":{"0":1,"1":1,"2":1},"f":{},"b":{}}
,"/Users/joeri/Documents/cli-web-cloner/src/utility/appendGlobalOptions.ts": {"path":"/Users/joeri/Documents/cli-web-cloner/src/utility/appendGlobalOptions.ts","statementMap":{"0":{"start":{"line":4,"column":4},"end":{"line":4,"column":38}},"1":{"start":{"line":4,"column":18},"end":{"line":4,"column":38}},"2":{"start":{"line":6,"column":4},"end":{"line":6,"column":63}},"3":{"start":{"line":6,"column":21},"end":{"line":6,"column":63}},"4":{"start":{"line":7,"column":4},"end":{"line":7,"column":52}},"5":{"start":{"line":7,"column":23},"end":{"line":7,"column":52}},"6":{"start":{"line":8,"column":4},"end":{"line":8,"column":91}},"7":{"start":{"line":8,"column":30},"end":{"line":8,"column":91}},"8":{"start":{"line":9,"column":4},"end":{"line":9,"column":50}},"9":{"start":{"line":9,"column":22},"end":{"line":9,"column":50}},"10":{"start":{"line":10,"column":4},"end":{"line":10,"column":88}},"11":{"start":{"line":10,"column":29},"end":{"line":10,"column":88}},"12":{"start":{"line":11,"column":4},"end":{"line":11,"column":57}},"13":{"start":{"line":11,"column":25},"end":{"line":11,"column":57}},"14":{"start":{"line":12,"column":4},"end":{"line":12,"column":69}},"15":{"start":{"line":12,"column":23},"end":{"line":12,"column":69}},"16":{"start":{"line":13,"column":4},"end":{"line":13,"column":69}},"17":{"start":{"line":13,"column":23},"end":{"line":13,"column":69}},"18":{"start":{"line":15,"column":4},"end":{"line":15,"column":24}},"19":{"start":{"line":18,"column":8},"end":{"line":18,"column":27}}},"fnMap":{"0":{"name":"appendGlobalOptions","decl":{"start":{"line":3,"column":9},"end":{"line":3,"column":28}},"loc":{"start":{"line":3,"column":77},"end":{"line":16,"column":1}}}},"branchMap":{"0":{"loc":{"start":{"line":4,"column":4},"end":{"line":4,"column":38}},"type":"if","locations":[{"start":{"line":4,"column":4},"end":{"line":4,"column":38}}]},"1":{"loc":{"start":{"line":6,"column":4},"end":{"line":6,"column":63}},"type":"if","locations":[{"start":{"line":6,"column":4},"end":{"line":6,"column":63}}]},"2":{"loc":{"start":{"line":7,"column":4},"end":{"line":7,"column":52}},"type":"if","locations":[{"start":{"line":7,"column":4},"end":{"line":7,"column":52}}]},"3":{"loc":{"start":{"line":8,"column":4},"end":{"line":8,"column":91}},"type":"if","locations":[{"start":{"line":8,"column":4},"end":{"line":8,"column":91}}]},"4":{"loc":{"start":{"line":9,"column":4},"end":{"line":9,"column":50}},"type":"if","locations":[{"start":{"line":9,"column":4},"end":{"line":9,"column":50}}]},"5":{"loc":{"start":{"line":10,"column":4},"end":{"line":10,"column":88}},"type":"if","locations":[{"start":{"line":10,"column":4},"end":{"line":10,"column":88}}]},"6":{"loc":{"start":{"line":11,"column":4},"end":{"line":11,"column":57}},"type":"if","locations":[{"start":{"line":11,"column":4},"end":{"line":11,"column":57}}]},"7":{"loc":{"start":{"line":12,"column":4},"end":{"line":12,"column":69}},"type":"if","locations":[{"start":{"line":12,"column":4},"end":{"line":12,"column":69}}]},"8":{"loc":{"start":{"line":13,"column":4},"end":{"line":13,"column":69}},"type":"if","locations":[{"start":{"line":13,"column":4},"end":{"line":13,"column":69}}]}},"s":{"0":5,"1":1,"2":4,"3":0,"4":4,"5":0,"6":4,"7":0,"8":4,"9":0,"10":4,"11":0,"12":4,"13":0,"14":4,"15":0,"16":4,"17":2,"18":4,"19":1},"f":{"0":5},"b":{"0":[1],"1":[0],"2":[0],"3":[0],"4":[0],"5":[0],"6":[0],"7":[0],"8":[2]}}
,"/Users/joeri/Documents/cli-web-cloner/src/utility/index.ts": {"path":"/Users/joeri/Documents/cli-web-cloner/src/utility/index.ts","statementMap":{"0":{"start":{"line":1,"column":0},"end":{"line":1,"column":38}}},"fnMap":{},"branchMap":{},"s":{"0":1},"f":{},"b":{}}
}
