TN:
SF:src/container.ts
FNF:0
FNH:0
DA:1,1
DA:2,1
DA:27,1
DA:48,1
DA:49,1
DA:50,1
DA:52,1
DA:56,1
DA:60,1
DA:64,1
DA:69,1
DA:74,1
DA:78,1
DA:82,1
DA:86,1
DA:90,1
DA:94,1
DA:98,1
DA:102,1
DA:106,1
DA:110,1
DA:116,1
DA:121,1
DA:126,1
DA:130,1
DA:134,1
DA:138,1
DA:142,1
LF:28
LH:28
BRF:0
BRH:0
end_of_record
TN:
SF:src/services/AxiosApiService.ts
FN:8,(anonymous_5)
FN:11,(anonymous_6)
FN:21,(anonymous_7)
FN:38,(anonymous_8)
FN:46,(anonymous_9)
FN:54,(anonymous_10)
FN:62,(anonymous_11)
FNF:7
FNH:1
FNDA:2,(anonymous_5)
FNDA:0,(anonymous_6)
FNDA:0,(anonymous_7)
FNDA:0,(anonymous_8)
FNDA:0,(anonymous_9)
FNDA:0,(anonymous_10)
FNDA:0,(anonymous_11)
DA:1,1
DA:4,1
DA:6,1
DA:7,1
DA:8,2
DA:12,0
DA:13,0
DA:22,0
DA:23,0
DA:27,0
DA:32,0
DA:39,0
DA:47,0
DA:55,0
DA:63,0
DA:67,1
LF:16
LH:6
BRDA:14,0,0,0
BRDA:14,0,1,0
BRDA:15,1,0,0
BRDA:15,1,1,0
BRF:4
BRH:0
end_of_record
TN:
SF:src/services/ConfigExtractorService.ts
FN:9,(anonymous_2)
FN:13,(anonymous_3)
FN:27,(anonymous_4)
FN:43,(anonymous_5)
FNF:4
FNH:3
FNDA:8,(anonymous_2)
FNDA:8,(anonymous_3)
FNDA:0,(anonymous_4)
FNDA:8,(anonymous_5)
DA:1,1
DA:3,1
DA:4,1
DA:5,1
DA:8,1
DA:10,8
DA:14,8
DA:15,8
DA:16,8
DA:17,8
DA:18,8
DA:20,8
DA:21,8
DA:23,8
DA:24,0
DA:25,0
DA:26,8
DA:27,0
DA:28,0
DA:29,0
DA:31,8
DA:32,0
DA:36,8
DA:37,8
DA:40,8
DA:44,8
DA:45,8
DA:47,8
DA:48,8
DA:51,8
LF:30
LH:24
BRDA:23,0,0,0
BRDA:23,0,1,8
BRDA:23,1,0,8
BRDA:23,1,1,0
BRDA:26,2,0,0
BRDA:26,2,1,8
BRDA:26,3,0,8
BRDA:26,3,1,0
BRDA:28,4,0,0
BRDA:28,5,0,0
BRDA:28,5,1,0
BRDA:31,6,0,0
BRDA:31,7,0,8
BRDA:31,7,1,0
BRDA:36,8,0,8
BRDA:47,9,0,8
BRF:16
BRH:7
end_of_record
TN:
SF:src/services/ConfigService.ts
FN:12,(anonymous_4)
FNF:1
FNH:1
FNDA:13,(anonymous_4)
DA:1,1
DA:11,1
DA:13,13
DA:14,13
DA:15,13
DA:16,13
LF:6
LH:6
BRF:0
BRH:0
end_of_record
TN:
SF:src/services/DomainManager.ts
FN:7,(anonymous_1)
FN:8,(anonymous_2)
FNF:2
FNH:0
FNDA:0,(anonymous_1)
FNDA:0,(anonymous_2)
DA:1,1
DA:2,1
DA:6,1
DA:8,0
DA:9,0
DA:10,0
DA:11,0
DA:13,0
DA:18,1
LF:9
LH:4
BRDA:9,0,0,0
BRF:1
BRH:0
end_of_record
TN:
SF:src/services/VercelCommandService.ts
FN:8,(anonymous_4)
FN:11,(anonymous_5)
FN:17,(anonymous_6)
FN:26,(anonymous_7)
FNF:4
FNH:4
FNDA:9,(anonymous_4)
FNDA:8,(anonymous_5)
FNDA:8,(anonymous_6)
FNDA:8,(anonymous_7)
DA:2,1
DA:3,1
DA:4,1
DA:7,1
DA:8,9
DA:12,8
DA:14,8
DA:15,8
DA:17,8
DA:18,8
DA:20,8
DA:22,8
DA:24,8
DA:26,8
DA:27,8
DA:28,0
DA:29,0
DA:30,0
DA:33,8
DA:34,8
DA:37,8
LF:21
LH:18
BRDA:14,0,0,8
BRDA:22,1,0,8
BRDA:22,1,1,3
BRDA:27,2,0,0
BRDA:33,3,0,8
BRF:5
BRH:4
end_of_record
TN:
SF:src/services/VercelService.ts
FN:18,(anonymous_4)
FNF:1
FNH:1
FNDA:1,(anonymous_4)
DA:14,1
DA:17,1
DA:19,1
DA:20,1
DA:21,1
DA:22,1
DA:23,1
DA:24,1
DA:25,1
DA:26,1
DA:27,1
DA:28,1
LF:12
LH:12
BRF:0
BRH:0
end_of_record
TN:
SF:src/services/WebsiteCloner.ts
FN:8,(anonymous_5)
FN:11,(anonymous_6)
FNF:2
FNH:0
FNDA:0,(anonymous_5)
FNDA:0,(anonymous_6)
DA:1,1
DA:2,1
DA:3,1
DA:6,1
DA:7,1
DA:8,0
DA:12,0
DA:13,0
DA:14,0
DA:15,0
DA:17,0
DA:18,0
DA:20,0
DA:25,1
LF:14
LH:6
BRDA:14,0,0,0
BRF:1
BRH:0
end_of_record
TN:
SF:src/services/WebsiteDeployer.ts
FN:7,(anonymous_1)
FN:8,(anonymous_2)
FNF:2
FNH:0
FNDA:0,(anonymous_1)
FNDA:0,(anonymous_2)
DA:1,1
DA:2,1
DA:6,1
DA:8,0
DA:9,0
DA:10,0
DA:11,0
DA:13,0
DA:18,1
LF:9
LH:4
BRDA:9,0,0,0
BRF:1
BRH:0
end_of_record
TN:
SF:src/services/index.ts
FNF:0
FNH:0
DA:1,1
DA:2,1
DA:3,1
DA:4,1
DA:5,1
DA:6,1
DA:7,1
DA:8,1
DA:9,1
DA:10,1
LF:10
LH:10
BRF:0
BRH:0
end_of_record
TN:
SF:src/services/config/DeleteConfigService.ts
FN:9,(anonymous_2)
FN:13,(anonymous_3)
FN:49,(anonymous_4)
FN:73,(anonymous_5)
FNF:4
FNH:0
FNDA:0,(anonymous_2)
FNDA:0,(anonymous_3)
FNDA:0,(anonymous_4)
FNDA:0,(anonymous_5)
DA:1,1
DA:3,1
DA:4,1
DA:5,1
DA:8,1
DA:10,0
DA:16,0
DA:17,0
DA:19,0
DA:22,0
DA:23,0
DA:24,0
DA:26,0
DA:27,0
DA:29,0
DA:30,0
DA:33,0
DA:34,0
DA:37,0
DA:38,0
DA:42,0
DA:43,0
DA:46,0
DA:52,0
DA:53,0
DA:55,0
DA:58,0
DA:59,0
DA:60,0
DA:61,0
DA:63,0
DA:64,0
DA:66,0
DA:67,0
DA:70,0
DA:71,0
DA:72,0
DA:73,0
DA:74,0
DA:75,0
DA:77,0
DA:80,0
DA:83,0
DA:84,0
DA:88,0
DA:89,0
DA:92,0
LF:47
LH:5
BRDA:29,0,0,0
BRDA:29,1,0,0
BRDA:29,1,1,0
BRDA:33,2,0,0
BRDA:37,3,0,0
BRDA:37,4,0,0
BRDA:37,4,1,0
BRDA:42,5,0,0
BRDA:66,6,0,0
BRDA:66,7,0,0
BRDA:66,7,1,0
BRDA:70,8,0,0
BRDA:70,8,1,0
BRDA:72,9,0,0
BRDA:72,9,1,0
BRDA:72,10,0,0
BRDA:72,10,1,0
BRDA:74,11,0,0
BRDA:74,11,1,0
BRDA:83,12,0,0
BRDA:83,13,0,0
BRDA:83,13,1,0
BRDA:88,14,0,0
BRF:23
BRH:0
end_of_record
TN:
SF:src/services/config/ReadConfigService.ts
FN:6,(anonymous_4)
FN:9,(anonymous_5)
FN:13,(anonymous_6)
FNF:3
FNH:2
FNDA:13,(anonymous_4)
FNDA:0,(anonymous_5)
FNDA:8,(anonymous_6)
DA:1,1
DA:5,1
DA:6,13
DA:10,0
DA:14,8
LF:5
LH:4
BRF:0
BRH:0
end_of_record
TN:
SF:src/services/config/UpdateConfigService.ts
FN:9,(anonymous_2)
FN:40,(anonymous_3)
FN:48,(anonymous_4)
FN:75,(anonymous_5)
FNF:4
FNH:0
FNDA:0,(anonymous_2)
FNDA:0,(anonymous_3)
FNDA:0,(anonymous_4)
FNDA:0,(anonymous_5)
DA:1,1
DA:3,1
DA:4,1
DA:5,1
DA:8,1
DA:12,0
DA:13,0
DA:15,0
DA:18,0
DA:19,0
DA:20,0
DA:22,0
DA:23,0
DA:25,0
DA:26,0
DA:27,0
DA:29,0
DA:32,0
DA:33,0
DA:34,0
DA:35,0
DA:39,0
DA:40,0
DA:43,0
DA:45,0
DA:51,0
DA:52,0
DA:54,0
DA:57,0
DA:58,0
DA:59,0
DA:60,0
DA:62,0
DA:63,0
DA:65,0
DA:66,0
DA:67,0
DA:69,0
DA:72,0
DA:73,0
DA:74,0
DA:75,0
DA:76,0
DA:77,0
DA:78,0
DA:80,0
DA:83,0
DA:87,0
DA:88,0
DA:91,0
LF:50
LH:5
BRDA:25,0,0,0
BRDA:25,1,0,0
BRDA:25,1,1,0
BRDA:26,2,0,0
BRDA:32,3,0,0
BRDA:32,3,1,0
BRDA:34,4,0,0
BRDA:34,5,0,0
BRDA:34,5,1,0
BRDA:65,6,0,0
BRDA:65,7,0,0
BRDA:65,7,1,0
BRDA:66,8,0,0
BRDA:72,9,0,0
BRDA:72,9,1,0
BRDA:74,10,0,0
BRDA:74,10,1,0
BRDA:74,11,0,0
BRDA:74,11,1,0
BRDA:76,12,0,0
BRDA:76,12,1,0
BRDA:87,13,0,0
BRF:22
BRH:0
end_of_record
TN:
SF:src/services/config/WriteConfigService.ts
FN:9,(anonymous_2)
FN:24,(anonymous_3)
FNF:2
FNH:0
FNDA:0,(anonymous_2)
FNDA:0,(anonymous_3)
DA:1,1
DA:3,1
DA:4,1
DA:5,1
DA:8,1
DA:12,0
DA:13,0
DA:15,0
DA:18,0
DA:19,0
DA:20,0
DA:23,0
DA:24,0
DA:27,0
LF:14
LH:5
BRDA:19,0,0,0
BRF:1
BRH:0
end_of_record
TN:
SF:src/services/config/index.ts
FNF:0
FNH:0
DA:1,1
DA:2,1
DA:3,1
DA:4,1
LF:4
LH:4
BRF:0
BRH:0
end_of_record
TN:
SF:src/services/vercel/AliasService.ts
FN:12,(anonymous_4)
FN:15,(anonymous_5)
FN:19,(anonymous_6)
FN:23,(anonymous_7)
FNF:4
FNH:4
FNDA:1,(anonymous_4)
FNDA:1,(anonymous_5)
FNDA:1,(anonymous_6)
FNDA:1,(anonymous_7)
DA:1,1
DA:10,1
DA:11,1
DA:12,1
DA:16,1
DA:20,1
DA:24,1
DA:28,1
LF:8
LH:8
BRDA:20,0,0,1
BRDA:20,0,1,1
BRDA:20,0,2,0
BRDA:24,1,0,1
BRDA:24,1,1,1
BRDA:24,1,2,0
BRF:6
BRH:4
end_of_record
TN:
SF:src/services/vercel/BisectService.ts
FN:6,(anonymous_4)
FN:9,(anonymous_5)
FNF:2
FNH:2
FNDA:1,(anonymous_4)
FNDA:1,(anonymous_5)
DA:2,1
DA:4,1
DA:5,1
DA:6,1
DA:10,1
DA:12,1
DA:13,1
DA:15,1
DA:16,1
DA:18,1
DA:19,1
DA:21,1
DA:22,1
DA:24,1
DA:25,1
DA:28,1
DA:32,1
LF:17
LH:17
BRDA:12,0,0,1
BRDA:15,1,0,1
BRDA:18,2,0,1
BRDA:21,3,0,1
BRDA:24,4,0,1
BRF:5
BRH:5
end_of_record
TN:
SF:src/services/vercel/BuildService.ts
FN:6,(anonymous_4)
FN:9,(anonymous_5)
FNF:2
FNH:2
FNDA:1,(anonymous_4)
FNDA:1,(anonymous_5)
DA:2,1
DA:4,1
DA:5,1
DA:6,1
DA:10,1
DA:12,1
DA:13,1
DA:15,1
DA:16,1
DA:18,1
DA:22,1
LF:11
LH:11
BRDA:12,0,0,1
BRDA:15,1,0,1
BRF:2
BRH:2
end_of_record
TN:
SF:src/services/vercel/CertsService.ts
FN:6,(anonymous_4)
FN:9,(anonymous_5)
FN:13,(anonymous_6)
FN:17,(anonymous_7)
FNF:4
FNH:4
FNDA:1,(anonymous_4)
FNDA:1,(anonymous_5)
FNDA:1,(anonymous_6)
FNDA:1,(anonymous_7)
DA:1,1
DA:5,1
DA:6,1
DA:10,1
DA:14,1
DA:18,1
LF:6
LH:6
BRDA:10,0,0,1
BRDA:10,0,1,1
BRDA:10,0,2,0
BRDA:14,1,0,1
BRDA:14,1,1,0
BRDA:14,1,2,1
BRF:6
BRH:4
end_of_record
TN:
SF:src/services/vercel/DeployService.ts
FN:6,(anonymous_4)
FN:9,(anonymous_5)
FNF:2
FNH:1
FNDA:1,(anonymous_4)
FNDA:0,(anonymous_5)
DA:2,1
DA:5,1
DA:6,1
DA:10,0
DA:12,0
DA:13,0
DA:15,0
DA:16,0
DA:18,0
DA:19,0
DA:20,0
DA:23,0
DA:24,0
DA:26,0
DA:27,0
DA:29,0
DA:30,0
DA:31,0
DA:34,0
DA:35,0
DA:37,0
DA:38,0
DA:40,0
DA:41,0
DA:43,0
DA:44,0
DA:46,0
DA:47,0
DA:49,0
DA:50,0
DA:52,0
DA:53,0
DA:55,0
DA:56,0
DA:58,0
DA:59,0
DA:61,0
DA:62,0
DA:64,0
LF:39
LH:3
BRDA:12,0,0,0
BRDA:15,1,0,0
BRDA:18,2,0,0
BRDA:23,3,0,0
BRDA:26,4,0,0
BRDA:29,5,0,0
BRDA:34,6,0,0
BRDA:37,7,0,0
BRDA:40,8,0,0
BRDA:43,9,0,0
BRDA:46,10,0,0
BRDA:49,11,0,0
BRDA:52,12,0,0
BRDA:55,13,0,0
BRDA:55,14,0,0
BRDA:55,14,1,0
BRDA:58,15,0,0
BRDA:58,16,0,0
BRDA:58,16,1,0
BRDA:61,17,0,0
BRF:20
BRH:0
end_of_record
TN:
SF:src/services/vercel/InitService.ts
FN:7,(anonymous_4)
FN:10,(anonymous_5)
FNF:2
FNH:1
FNDA:1,(anonymous_4)
FNDA:0,(anonymous_5)
DA:3,1
DA:6,1
DA:7,1
DA:11,0
LF:4
LH:3
BRDA:11,0,0,0
BRDA:11,0,1,0
BRDA:11,0,2,0
BRF:3
BRH:0
end_of_record
TN:
SF:src/services/vercel/LinkService.ts
FN:7,(anonymous_4)
FN:10,(anonymous_5)
FNF:2
FNH:1
FNDA:1,(anonymous_4)
FNDA:0,(anonymous_5)
DA:3,1
DA:6,1
DA:7,1
DA:11,0
DA:13,0
DA:14,0
DA:16,0
DA:17,0
DA:19,0
LF:9
LH:3
BRDA:13,0,0,0
BRDA:16,1,0,0
BRF:2
BRH:0
end_of_record
TN:
SF:src/services/vercel/ProjectService.ts
FN:13,(anonymous_4)
FN:16,(anonymous_5)
FN:20,(anonymous_6)
FN:24,(anonymous_7)
FN:28,(anonymous_8)
FNF:5
FNH:1
FNDA:1,(anonymous_4)
FNDA:0,(anonymous_5)
FNDA:0,(anonymous_6)
FNDA:0,(anonymous_7)
FNDA:0,(anonymous_8)
DA:8,1
DA:12,1
DA:13,1
DA:17,0
DA:21,0
DA:25,0
DA:29,0
LF:7
LH:3
BRDA:21,0,0,0
BRDA:21,0,1,0
BRDA:25,1,0,0
BRDA:25,1,1,0
BRDA:25,1,2,0
BRF:5
BRH:0
end_of_record
TN:
SF:src/services/vercel/PullService.ts
FN:7,(anonymous_4)
FN:10,(anonymous_5)
FNF:2
FNH:1
FNDA:1,(anonymous_4)
FNDA:0,(anonymous_5)
DA:3,1
DA:6,1
DA:7,1
DA:11,0
DA:13,0
DA:14,0
DA:16,0
DA:17,0
DA:19,0
DA:20,0
DA:22,0
LF:11
LH:3
BRDA:13,0,0,0
BRDA:16,1,0,0
BRDA:19,2,0,0
BRF:3
BRH:0
end_of_record
TN:
SF:src/services/vercel/VercelAuthService.ts
FN:7,(anonymous_4)
FN:10,(anonymous_5)
FN:27,(anonymous_6)
FN:54,(anonymous_7)
FN:65,(anonymous_8)
FN:69,(anonymous_9)
FN:74,(anonymous_10)
FNF:7
FNH:1
FNDA:1,(anonymous_4)
FNDA:0,(anonymous_5)
FNDA:0,(anonymous_6)
FNDA:0,(anonymous_7)
FNDA:0,(anonymous_8)
FNDA:0,(anonymous_9)
FNDA:0,(anonymous_10)
DA:2,1
DA:3,1
DA:6,1
DA:7,1
DA:11,0
DA:13,0
DA:14,0
DA:19,0
DA:20,0
DA:21,0
DA:24,0
DA:25,0
DA:27,0
DA:28,0
DA:29,0
DA:30,0
DA:31,0
DA:32,0
DA:33,0
DA:37,0
DA:38,0
DA:44,0
DA:45,0
DA:46,0
DA:47,0
DA:48,0
DA:49,0
DA:51,0
DA:54,0
DA:55,0
DA:56,0
DA:59,0
DA:60,0
DA:61,0
DA:66,0
DA:70,0
DA:71,0
DA:75,0
DA:76,0
LF:39
LH:4
BRDA:19,0,0,0
BRDA:30,1,0,0
BRDA:45,2,0,0
BRDA:56,3,0,0
BRF:4
BRH:0
end_of_record
TN:
SF:src/services/vercel/index.ts
FNF:0
FNH:0
DA:1,1
DA:2,1
DA:3,1
DA:4,1
DA:5,1
DA:6,1
DA:7,1
LF:7
LH:7
BRF:0
BRH:0
end_of_record
TN:
SF:src/utility/appendGlobalOptions.ts
FN:3,appendGlobalOptions
FNF:1
FNH:1
FNDA:8,appendGlobalOptions
DA:4,8
DA:6,6
DA:7,6
DA:8,6
DA:9,6
DA:10,6
DA:11,6
DA:12,6
DA:13,6
DA:15,6
DA:18,1
LF:11
LH:11
BRDA:4,0,0,2
BRDA:6,1,0,0
BRDA:7,2,0,1
BRDA:8,3,0,0
BRDA:9,4,0,0
BRDA:10,5,0,0
BRDA:11,6,0,0
BRDA:12,7,0,0
BRDA:13,8,0,2
BRF:9
BRH:3
end_of_record
TN:
SF:src/utility/getRootDir.ts
FN:4,getRootDir
FNF:1
FNH:1
FNDA:8,getRootDir
DA:1,1
DA:2,1
DA:4,1
DA:5,8
DA:6,8
DA:7,16
DA:9,8
LF:7
LH:7
BRF:0
BRH:0
end_of_record
TN:
SF:src/utility/index.ts
FNF:0
FNH:0
DA:1,1
DA:2,1
DA:3,1
LF:3
LH:3
BRF:0
BRH:0
end_of_record
TN:
SF:src/utility/loader/clearDotLoader.ts
FN:1,clearDotLoader
FNF:1
FNH:0
FNDA:0,clearDotLoader
DA:1,1
DA:2,0
DA:3,0
LF:3
LH:1
BRF:0
BRH:0
end_of_record
TN:
SF:src/utility/loader/createDotLoader.ts
FN:1,createDotLoader
FN:5,(anonymous_1)
FNF:2
FNH:0
FNDA:0,createDotLoader
FNDA:0,(anonymous_1)
DA:1,1
DA:2,0
DA:3,0
DA:5,0
DA:6,0
DA:7,0
LF:6
LH:1
BRF:0
BRH:0
end_of_record
TN:
SF:src/utility/loader/index.ts
FNF:0
FNH:0
DA:1,1
DA:2,1
LF:2
LH:2
BRF:0
BRH:0
end_of_record
